57 99
0 28
1 7
1 95
2 27
3 87
4 5
4 7
4 9
4 13
4 50
4 54
4 71
5 18
6 54
6 76
6 82
7 16
7 43
7 60
7 64
7 66
7 75
7 85
7 87
7 88
7 97
7 98
8 44
10 25
10 26
10 33
10 66
11 40
11 71
11 86
12 41
14 69
15 44
17 19
19 72
19 74
20 58
20 59
21 37
21 42
22 93
23 60
24 41
25 78
27 67
27 87
28 95
29 44
29 62
29 80
30 76
31 93
32 60
34 58
35 53
36 53
36 92
37 50
37 55
38 68
39 95
41 63
41 88
42 47
42 51
42 81
43 92
44 90
45 68
46 69
48 76
49 68
52 95
53 62
53 77
56 60
57 93
58 65
58 94
59 71
59 83
60 74
60 84
60 96
61 78
63 70
68 98
69 85
71 79
71 91
73 78
87 89
89 93
92 99
46 75
0 11
0 66
0 74
1 33
2 12
2 16
2 38
2 61
3 49
4 72
5 59
5 63
6 24
6 30
6 41
6 44
7 40
7 59
8 33
9 33
9 49
10 17
11 68
13 25
14 54
14 72
14 73
15 27
15 68
17 40
17 64
18 71
19 71
20 35
21 33
22 27
23 27
24 33
25 33
25 35
25 42
25 47
25 50
26 63
28 49
29 68
31 65
32 49
33 36
33 38
33 43
33 48
33 58
33 59
33 60
33 69
33 74
34 40
37 53
39 63
40 51
44 65
45 72
46 53
46 55
46 56
52 53
56 65
57 68
58 72
62 63
63 71
65 70
65 75
67 68
60 92
0 3
0 18
0 56
0 62
1 15
2 6
2 16
2 19
2 67
2 86
2 88
4 11
4 23
4 26
4 28
4 34
4 42
4 47
4 65
4 71
5 86
7 27
7 39
7 77
8 13
8 21
9 86
10 86
12 13
13 25
13 36
13 54
13 76
14 16
15 38
15 60
16 22
16 46
16 64
16 75
16 89
17 71
20 72
20 86
24 90
27 38
27 58
27 63
27 87
29 90
30 51
30 58
30 66
30 76
31 90
32 86
33 35
34 79
35 36
35 85
37 86
40 43
41 62
43 67
43 82
44 86
45 90
48 61
48 70
48 74
49 68
50 62
52 75
52 83
52 84
53 86
55 57
55 69
55 83
59 86
62 70
62 71
62 87
62 91
62 92
65 90
68 79
68 80
71 86
73 86
78 79
79 81
51 85
0 5
0 53
1 54
2 60
2 64
3 35
4 54
4 67
6 39
6 42
6 48
6 78
7 27
8 54
9 40
10 59
11 39
12 25
12 57
12 61
12 85
13 35
14 41
15 55
15 82
16 82
17 28
17 38
17 57
17 76
18 53
18 55
19 82
20 64
21 23
22 55
23 67
24 47
24 69
24 83
26 64
27 43
27 66
27 74
27 82
29 39
30 82
31 51
32 36
33 64
34 41
34 59
35 41
35 45
35 80
36 75
36 76
37 53
38 41
39 63
40 44
40 51
40 65
40 79
40 84
41 71
42 82
43 54
45 83
46 82
48 70
49 82
49 83
50 53
51 72
51 77
52 64
54 77
56 82
58 67
59 62
64 82
67 81
68 83
73 83
54 97
0 88
1 64
2 23
3 32
3 53
3 54
4 77
5 61
5 70
5 97
6 12
7 78
8 73
9 59
10 20
10 78
11 55
11 93
12 73
13 27
13 39
13 68
14 42
15 43
15 92
16 74
16 93
17 65
17 78
18 93
19 50
20 51
20 58
20 89
21 22
21 42
22 28
22 45
22 78
23 48
23 72
24 65
25 77
26 45
27 81
27 97
29 50
30 33
31 85
33 57
33 69
33 86
33 88
34 43
34 63
34 73
34 78
35 45
36 38
36 64
37 73
40 84
40 93
41 53
42 46
43 80
44 78
45 72
45 74
47 53
49 65
50 63
50 67
51 59
52 59
53 75
55 56
55 95
60 87
62 79
64 78
64 91
65 83
66 87
69 78
71 88
74 85
75 81
76 81
77 85
78 81
79 87
79 94
82 93
85 94
87 90
88 96
47 88
0 62
1 8
1 21
1 39
1 42
2 53
3 28
3 81
4 16
4 68
4 71
5 41
6 40
6 57
7 47
7 68
7 77
9 16
10 18
10 71
11 40
12 16
12 70
13 21
14 46
15 17
15 76
16 23
16 39
16 43
16 51
16 57
16 75
19 57
19 84
20 84
22 77
24 28
24 78
25 58
25 62
25 69
26 62
27 46
28 31
28 75
28 86
29 37
29 59
29 64
30 67
32 65
33 81
34 52
35 66
35 73
35 84
36 85
37 85
38 62
40 45
41 61
41 76
44 56
46 56
46 72
48 71
49 81
50 77
52 53
52 54
53 62
55 71
56 61
57 58
57 79
57 88
60 69
63 69
65 85
65 87
67 74
67 83
67 86
71 80
76 88
79 85
82 84
72 90
0 86
1 30
2 81
3 50
4 7
4 28
4 31
4 54
4 59
4 62
4 69
4 79
4 81
4 84
5 7
6 71
7 19
7 22
7 24
7 39
7 43
7 63
7 68
7 85
7 88
8 22
9 37
10 51
11 45
12 45
13 37
14 50
14 77
15 45
16 81
17 77
18 22
20 86
21 22
22 34
22 35
22 41
22 61
22 83
23 30
25 30
26 81
27 50
29 30
30 44
30 48
32 81
33 81
36 45
37 45
37 53
37 71
37 76
37 90
38 45
40 77
41 45
41 55
41 65
41 70
42 58
45 60
45 78
46 50
47 58
48 77
49 77
50 72
50 82
51 71
51 73
52 58
53 64
53 87
56 58
57 81
58 63
58 66
67 71
71 74
71 75
71 80
77 79
77 89
81 86
65 87
0 45
1 58
2 9
2 37
2 51
2 74
3 11
4 8
4 9
4 13
4 15
4 22
4 38
4 59
5 10
6 45
7 53
10 19
10 42
10 54
10 55
10 68
10 76
11 21
11 47
11 71
12 33
14 33
16 22
17 22
18 73
20 33
21 86
22 44
22 50
22 62
22 65
22 81
23 25
24 25
25 30
25 67
25 80
26 62
27 86
28 86
29 81
31 58
32 53
33 52
33 73
34 64
35 64
36 64
39 53
40 82
41 45
43 53
43 82
45 52
45 58
45 60
45 70
45 77
45 87
46 58
48 62
49 53
53 58
53 80
53 81
54 58
56 64
57 62
58 64
58 72
61 82
62 66
62 75
63 81
64 84
69 86
73 78
79 86
81 83
81 85
83 86
64 81
0 60
1 81
2 70
3 25
3 37
4 37
5 74
6 13
6 70
7 81
8 60
8 74
9 60
10 62
11 71
12 71
14 37
15 70
16 25
17 81
18 25
19 70
20 71
21 74
22 28
22 42
22 55
22 56
22 62
22 71
23 70
24 77
25 33
25 45
25 49
25 50
25 60
25 73
25 77
26 40
27 62
29 60
30 60
31 40
31 74
32 53
33 38
33 46
34 62
35 53
36 40
37 41
37 48
37 75
37 76
39 53
40 47
40 68
43 53
44 62
51 53
52 60
53 60
54 74
55 70
57 62
58 81
59 60
60 67
60 81
61 81
62 66
62 69
62 81
63 71
64 70
65 71
71 72
71 80
77 78
79 81
68 93
0 73
1 7
2 59
3 59
4 18
4 28
4 41
4 52
4 59
4 85
5 6
5 19
5 38
5 93
7 67
7 79
7 92
8 24
9 53
9 65
10 61
11 69
12 35
13 77
14 61
15 59
16 75
17 65
20 75
21 22
21 37
21 49
21 64
21 66
21 71
21 87
23 51
24 51
24 84
25 69
26 76
27 59
29 83
30 69
31 83
32 65
33 53
34 59
34 65
35 36
35 48
35 56
35 61
35 70
35 75
35 77
38 41
39 75
40 76
41 42
41 63
41 69
41 74
41 78
41 89
43 83
44 65
45 51
46 73
47 61
50 53
51 60
51 62
51 81
54 77
55 75
56 83
57 73
58 75
61 72
61 80
61 90
64 69
65 82
65 91
66 73
68 73
69 75
73 88
75 92
76 77
77 81
77 86
67 79
0 62
1 71
2 3
3 7
3 11
3 13
3 21
3 33
3 35
3 36
3 40
3 52
3 61
3 66
3 71
3 72
3 78
4 6
4 48
4 50
4 51
4 60
4 62
4 64
4 65
4 69
4 75
5 62
8 69
9 71
10 11
11 12
11 27
11 28
11 29
11 32
11 41
11 45
11 57
11 68
11 69
11 79
14 71
15 69
16 69
17 38
17 62
18 38
19 71
20 69
22 59
23 38
24 71
25 71
26 55
29 59
30 59
31 38
31 44
31 58
34 62
37 55
38 46
38 47
38 76
39 71
42 71
43 62
49 69
53 59
54 59
55 56
55 73
55 79
59 77
63 69
67 69
69 74
70 71
11 19
0 1
0 4
0 18
2 11
2 19
3 10
3 13
3 16
4 7
5 16
6 9
7 9
7 17
7 19
8 15
9 14
9 15
12 15
16 19
98 99
0 98
1 98
2 98
3 98
4 98
5 98
6 98
7 98
8 98
9 98
10 98
11 98
12 98
13 98
14 98
15 98
16 98
17 98
18 98
19 98
20 98
21 98
22 98
23 98
24 98
25 98
26 98
27 98
28 98
29 98
30 98
31 98
32 98
33 98
34 98
35 98
36 98
37 98
38 98
39 98
40 98
41 98
42 98
43 98
44 98
45 98
46 98
47 98
48 98
49 98
50 99
51 99
52 99
53 99
54 99
55 99
56 99
57 99
58 99
59 99
60 99
61 99
62 99
63 99
64 99
65 99
66 99
67 99
68 99
69 99
70 99
71 99
72 99
73 99
74 99
75 99
76 99
77 99
78 99
79 99
80 99
81 99
82 99
83 99
84 99
85 99
86 99
87 99
88 99
89 99
90 99
91 99
92 99
93 99
94 99
95 99
96 99
97 99
98 99
95 99
0 1
0 2
0 3
0 4
0 5
0 6
0 7
0 8
0 9
0 10
0 11
0 12
0 13
0 14
0 15
0 16
0 17
0 18
0 19
0 20
0 21
0 22
0 23
0 24
0 25
0 26
0 27
0 28
0 29
0 30
0 31
0 32
0 33
0 34
0 35
0 99
36 99
37 99
38 99
39 99
40 99
41 99
42 99
43 99
44 99
45 99
46 99
47 99
48 99
49 99
50 99
51 99
52 99
53 99
54 99
55 99
56 99
57 99
58 99
59 99
60 99
61 99
62 63
62 99
64 99
65 66
65 67
65 68
65 69
65 70
65 71
65 72
65 73
65 74
65 75
65 76
65 77
65 78
65 79
65 80
65 81
65 82
65 83
65 84
65 85
65 86
65 87
65 88
65 89
65 90
65 91
65 92
65 93
65 94
65 95
95 99
96 99
97 99
98 99
89 93
0 1
0 2
0 3
0 4
0 5
0 6
0 7
0 8
0 9
0 10
0 11
0 12
0 13
0 14
0 15
0 16
0 17
0 18
0 19
0 20
0 21
0 22
0 23
0 24
0 25
0 26
0 27
0 28
0 29
0 30
0 31
0 32
0 33
0 34
0 35
0 36
0 37
0 38
0 39
0 40
0 41
0 42
0 43
0 44
0 45
0 46
0 47
0 48
0 49
0 50
0 51
0 52
0 53
0 54
0 55
0 56
0 57
0 58
0 59
0 60
0 61
9 91
50 93
62 91
63 91
64 91
65 91
66 91
67 91
68 91
69 91
70 91
71 91
72 91
73 91
74 91
75 91
76 93
77 93
78 93
79 93
80 93
81 93
82 93
83 93
84 93
85 93
86 93
87 93
88 93
89 93
90 93
92 93
66 99
0 30
0 45
1 63
2 22
2 51
3 37
4 7
4 24
4 36
4 84
4 93
5 60
6 18
7 64
8 66
8 81
9 14
10 76
11 59
12 61
13 40
14 32
14 51
14 83
15 51
15 61
16 51
17 60
18 25
18 43
18 45
18 69
18 72
18 89
18 93
19 93
20 76
21 46
21 85
22 39
22 75
22 77
23 93
24 60
26 51
27 93
28 38
28 61
28 78
29 93
30 33
30 53
30 82
31 69
34 60
35 46
37 73
37 97
40 58
40 68
40 69
41 64
42 63
44 85
45 50
45 54
45 95
45 99
46 59
46 76
47 66
48 51
49 76
51 74
51 76
51 93
51 96
51 97
52 66
55 90
56 59
57 69
58 62
58 94
59 71
59 91
60 80
60 92
61 79
63 65
63 80
64 88
67 81
69 70
69 86
76 90
81 93
83 98
87 90
73 99
0 37
1 27
2 76
3 15
4 25
4 41
4 45
4 55
4 80
4 82
4 97
5 83
6 69
7 41
8 83
9 83
10 76
11 90
12 84
13 37
13 38
14 71
15 74
15 96
16 27
17 35
17 54
17 61
17 92
18 83
19 62
20 84
21 71
22 27
22 32
22 57
22 62
22 68
22 79
22 87
23 69
24 56
24 76
26 62
27 37
27 59
27 66
27 70
28 38
29 83
30 37
31 76
33 56
34 76
35 76
36 76
37 44
37 63
37 67
37 71
37 72
37 85
37 90
38 40
38 89
39 71
41 50
41 52
41 62
41 65
41 73
41 94
42 84
43 69
46 83
47 71
48 84
49 56
50 76
51 62
51 84
53 79
57 83
58 62
60 83
62 98
64 71
69 78
71 86
71 91
75 88
76 78
77 79
81 88
83 99
84 96
88 99
90 93
90 95
68 99
0 55
0 67
0 74
0 81
0 82
0 88
1 49
2 8
2 32
2 65
2 88
3 62
4 29
5 60
6 34
6 48
6 97
7 60
9 17
9 52
10 60
11 15
11 16
11 39
11 58
11 61
11 70
11 80
12 61
13 61
14 16
14 49
16 83
16 95
17 29
17 38
17 47
18 44
19 22
19 41
19 46
20 36
21 52
22 45
22 55
22 60
22 71
22 72
22 91
22 96
23 61
24 49
25 62
26 51
26 60
26 90
27 44
28 42
28 61
30 61
31 43
33 52
35 43
36 50
36 68
36 76
37 54
37 61
37 78
37 98
40 71
42 47
42 50
42 56
42 94
43 69
43 91
44 62
44 64
44 66
44 93
49 99
53 71
57 61
59 60
60 61
60 64
60 73
60 86
60 97
61 75
61 77
62 79
62 89
62 92
63 92
71 84
71 85
71 87
69 99
0 29
1 25
1 67
2 92
2 95
2 97
3 62
4 25
5 20
6 17
7 45
8 25
8 31
8 51
9 81
10 81
11 84
12 34
13 20
14 67
15 75
16 84
17 20
17 53
17 86
18 81
18 84
19 34
20 29
20 34
20 46
20 59
20 60
20 83
20 85
20 97
21 37
22 24
22 36
22 47
23 62
25 27
25 87
26 37
28 56
28 77
28 94
28 98
30 81
32 34
33 81
34 35
34 37
34 43
34 56
34 66
34 71
34 76
37 38
37 63
37 72
37 80
37 93
39 61
39 81
39 96
40 67
41 45
41 49
41 65
41 71
42 84
44 67
44 73
45 99
47 54
47 55
47 57
47 89
48 84
50 59
52 73
53 73
55 71
58 71
59 69
62 68
62 74
63 78
64 84
67 91
70 71
71 81
73 82
73 88
73 90
74 81
75 79
75 84
70 99
0 90
1 31
1 46
2 64
3 64
4 39
5 74
6 81
7 69
8 37
9 79
10 27
11 18
11 61
11 75
11 87
11 98
12 37
13 17
14 41
15 40
16 80
17 34
17 50
17 57
17 74
19 33
20 74
21 79
22 51
23 41
23 91
24 46
25 41
26 80
27 47
27 48
27 66
27 74
27 76
27 89
27 95
27 96
27 97
28 81
29 33
29 77
30 37
31 64
31 67
31 71
32 69
33 79
33 83
34 81
35 51
36 69
37 40
37 49
37 74
37 83
38 39
39 40
40 54
40 69
40 72
40 93
41 47
41 85
41 92
42 74
43 69
44 74
45 91
46 74
46 87
51 53
51 54
52 69
53 80
55 80
55 90
56 87
58 81
59 87
60 91
62 87
63 74
65 80
68 91
70 90
73 87
78 81
81 86
82 85
84 87
88 90
90 99
91 94
70 99
0 18
1 62
2 57
2 97
3 57
4 66
5 18
6 12
7 19
8 11
8 17
8 42
8 50
8 73
8 83
9 71
10 19
12 60
13 45
14 41
15 66
15 71
16 75
18 26
18 33
18 40
18 41
18 57
19 47
19 57
19 62
19 65
19 79
19 80
19 89
19 98
20 77
21 30
21 31
21 56
21 59
21 81
22 64
23 64
24 40
25 41
27 77
28 60
28 86
29 49
32 66
34 71
35 49
36 39
37 39
38 49
39 47
39 81
39 87
40 45
40 74
40 95
41 51
41 54
41 60
41 72
42 44
42 82
43 71
45 46
45 61
45 75
46 84
46 94
46 96
48 57
48 64
49 52
49 69
49 76
49 92
50 62
53 64
55 87
57 63
57 99
58 60
60 68
62 71
62 77
62 85
64 92
66 78
66 90
67 87
70 75
75 93
88 97
91 97
69 99
0 60
1 76
2 22
2 63
3 17
3 99
4 62
5 19
5 65
5 90
6 33
7 14
7 33
8 35
9 17
10 19
11 21
12 51
13 55
14 27
14 43
15 35
16 35
16 69
17 37
17 71
18 49
19 62
19 80
20 77
20 87
21 55
21 86
22 23
22 48
22 61
22 77
22 95
24 40
24 76
25 40
26 65
28 55
29 49
30 53
31 45
32 51
32 77
33 53
33 78
33 79
34 60
35 55
35 60
35 65
35 73
35 93
36 55
38 69
39 40
40 45
40 70
40 75
41 69
42 71
44 62
45 59
46 51
47 55
49 51
50 51
51 56
52 55
53 88
54 71
55 66
55 83
55 84
55 92
57 65
58 65
58 71
60 79
60 82
60 96
62 81
64 65
65 76
65 77
65 85
67 69
68 77
69 89
71 98
72 75
74 76
75 97
76 91
76 94
70 99
0 36
1 62
2 4
3 81
4 15
4 27
4 31
4 53
4 75
4 81
5 19
5 24
5 41
5 46
5 71
5 84
5 86
5 89
5 95
5 97
6 39
7 36
7 61
8 43
9 51
9 67
10 73
11 50
11 61
11 76
11 87
12 37
13 44
13 64
13 91
14 61
16 77
17 51
18 71
20 61
21 46
22 67
23 39
23 62
25 39
26 43
28 40
29 34
29 77
30 43
32 51
33 40
35 51
36 92
37 49
37 54
38 59
39 52
39 72
39 99
40 47
40 56
40 75
42 71
43 45
43 50
43 94
43 98
46 79
46 88
48 61
51 58
51 70
51 93
54 71
55 59
57 67
58 61
59 73
59 78
59 83
59 93
60 67
61 64
61 81
61 84
61 85
61 90
62 65
62 77
62 81
63 64
64 66
64 68
64 69
64 74
64 80
64 82
71 96
99 99
0 99
1 99
2 99
3 99
4 99
5 99
6 99
7 99
8 99
9 99
10 99
11 99
12 99
13 99
14 99
15 99
16 99
17 99
18 99
19 99
20 99
21 99
22 99
23 99
24 99
25 99
26 99
27 99
28 99
29 99
30 99
31 99
32 99
33 99
34 99
35 99
36 99
37 99
38 99
39 99
40 99
41 99
42 99
43 99
44 99
45 99
46 99
47 99
48 99
49 99
50 99
51 99
52 99
53 99
54 99
55 99
56 99
57 99
58 99
59 99
60 99
61 99
62 99
63 99
64 99
65 99
66 99
67 99
68 99
69 99
70 99
71 99
72 99
73 99
74 99
75 99
76 99
77 99
78 99
79 99
80 99
81 99
82 99
83 99
84 99
85 99
86 99
87 99
88 99
89 99
90 99
91 99
92 99
93 99
94 99
95 99
96 99
97 99
98 99
98 99
0 98
1 98
2 98
3 98
4 98
5 98
6 98
7 98
8 98
9 98
10 98
11 98
12 98
13 98
14 98
15 98
16 98
17 98
18 98
19 98
20 98
21 98
22 98
23 98
24 98
25 98
26 98
27 98
28 98
29 98
30 98
31 98
32 98
33 98
34 98
35 98
36 98
37 98
38 98
39 98
40 98
41 98
42 98
43 98
44 98
45 98
46 98
47 98
48 98
49 98
50 99
51 99
52 99
53 99
54 99
55 99
56 99
57 99
58 99
59 99
60 99
61 99
62 99
63 99
64 99
65 99
66 99
67 99
68 99
69 99
70 99
71 99
72 99
73 99
74 99
75 99
76 99
77 99
78 99
79 99
80 99
81 99
82 99
83 99
84 99
85 99
86 99
87 99
88 99
89 99
90 99
91 99
92 99
93 99
94 99
95 99
96 99
97 99
98 99
90 99
0 5
1 12
1 62
2 5
3 5
4 20
4 42
4 65
4 66
4 71
4 96
4 98
5 6
5 7
5 10
5 11
5 13
5 15
5 16
5 17
5 19
5 23
5 24
5 25
5 26
5 27
5 28
5 32
5 33
5 35
5 37
5 38
5 40
5 41
5 43
5 44
5 46
5 50
5 51
5 52
5 54
5 55
5 57
5 58
5 59
5 61
5 62
5 64
5 70
5 71
5 72
5 73
5 76
5 78
5 80
5 81
5 82
5 87
5 90
5 91
5 92
5 93
5 94
5 95
5 99
8 29
8 30
8 31
8 36
8 75
8 85
8 88
9 62
14 71
18 71
21 59
22 79
34 62
36 62
39 62
45 71
47 62
48 62
49 79
53 79
56 62
59 60
62 63
62 68
62 83
62 84
67 71
69 71
71 74
71 77
71 89
71 97
72 79
79 86
93 99
0 4
0 39
1 4
2 95
3 95
4 5
4 9
4 13
4 19
4 27
4 28
4 40
4 43
4 50
4 52
4 53
4 54
4 58
4 59
4 61
4 62
4 69
4 73
4 76
4 77
4 80
4 90
4 93
4 94
4 95
6 78
7 95
8 95
10 95
11 95
12 95
14 95
15 95
16 78
17 95
18 95
20 95
21 95
22 78
23 95
24 95
25 29
26 95
29 36
29 41
29 42
29 44
29 49
29 63
29 64
29 70
29 81
29 85
29 87
30 95
31 95
32 95
33 95
34 95
35 95
37 95
38 95
45 78
45 95
46 95
47 95
48 95
49 95
51 95
55 95
56 95
57 95
60 78
65 95
66 95
67 95
68 95
71 95
72 95
74 95
75 95
78 96
79 95
82 95
83 95
84 95
86 95
88 95
89 95
91 95
92 95
95 97
95 98
95 99
90 99
0 82
1 82
2 17
3 45
3 82
4 5
4 22
4 39
4 55
4 65
6 17
7 82
8 82
9 71
10 22
11 32
12 82
13 82
14 82
15 22
16 82
17 22
18 59
19 82
20 82
21 82
22 28
22 53
22 57
22 62
22 63
22 75
22 82
22 88
22 89
22 96
22 97
23 32
24 82
25 82
26 71
27 82
29 71
30 82
31 82
32 51
32 79
32 86
32 91
33 82
34 82
35 82
36 71
37 43
37 47
37 68
37 81
37 82
37 93
37 94
38 71
40 59
41 82
42 82
44 82
46 82
48 82
49 82
50 82
52 82
54 71
56 82
58 82
59 82
60 82
61 82
64 82
66 71
67 82
69 82
70 71
71 74
71 77
71 82
71 83
71 90
71 95
72 82
73 82
76 82
78 82
79 82
80 82
82 84
82 85
82 87
82 92
82 98
82 99
90 99
0 4
0 72
1 69
2 69
3 7
3 9
3 10
3 13
3 34
3 99
4 11
4 15
4 17
4 25
4 29
4 35
4 38
4 59
4 63
4 66
4 69
4 74
4 81
4 87
4 93
4 94
5 51
6 35
8 35
9 35
12 35
14 91
16 35
18 35
19 35
20 35
21 91
22 35
23 69
24 35
26 35
27 35
28 35
30 35
31 35
32 35
33 35
35 37
35 39
35 40
35 41
35 42
35 43
35 44
35 45
35 46
35 47
35 48
35 50
35 52
35 53
35 54
35 56
35 57
35 58
35 62
35 64
35 67
35 68
35 70
35 71
35 73
35 75
35 76
35 78
35 79
35 80
35 82
35 84
35 85
35 86
35 88
35 90
35 92
35 95
35 96
35 97
36 69
49 69
51 60
51 98
55 91
61 69
63 91
65 69
69 83
69 98
77 91
89 91
88 99
0 55
1 4
2 94
3 55
4 7
4 25
4 26
4 34
4 40
4 48
4 55
4 56
4 58
4 65
4 66
4 94
4 95
5 55
6 55
8 55
9 62
10 76
11 55
12 94
13 55
14 55
15 55
16 37
16 55
17 55
18 55
18 76
19 55
20 55
21 37
22 55
23 55
24 55
27 55
28 55
29 55
30 62
31 62
32 55
33 55
35 55
36 55
37 57
37 91
38 55
39 55
39 75
41 76
42 55
43 55
44 55
45 55
46 59
47 75
49 55
50 59
51 55
52 55
53 55
54 55
55 60
55 62
55 67
55 68
55 70
55 71
55 72
55 77
55 78
55 79
55 81
55 82
55 84
55 85
55 86
55 87
55 93
55 96
55 98
55 99
59 61
59 62
59 64
59 73
59 88
59 97
62 74
62 83
62 89
63 77
69 75
75 80
75 90
77 92
90 99
0 81
1 15
2 81
3 61
4 5
4 16
4 17
4 26
4 27
4 29
4 34
4 42
4 44
4 48
4 54
4 61
4 68
4 69
4 71
4 82
6 61
7 10
7 19
7 49
7 66
7 75
7 78
7 87
8 61
9 15
11 61
12 95
13 61
14 61
15 18
15 54
15 74
15 76
20 61
21 61
22 61
23 61
24 61
25 61
28 61
30 61
31 61
32 61
32 95
33 61
35 81
36 81
37 61
38 61
39 61
40 61
41 61
43 45
43 61
43 67
46 81
47 61
50 61
51 61
52 81
53 61
55 95
56 81
57 81
58 61
59 61
60 61
61 63
61 64
61 70
61 72
61 73
61 77
61 78
61 79
61 80
61 81
61 83
61 84
61 85
61 86
61 91
61 92
61 93
61 94
61 96
61 97
61 99
62 81
65 81
81 88
81 89
81 90
81 98
90 99
0 19
1 42
1 63
2 19
3 19
4 63
5 62
6 19
7 19
8 62
9 39
9 40
9 66
9 87
9 99
10 59
11 92
12 19
13 62
14 62
15 92
16 62
17 19
18 19
19 20
19 23
19 25
19 27
19 28
19 29
19 30
19 31
19 35
19 37
19 38
19 40
19 41
19 45
19 47
19 49
19 51
19 52
19 53
19 54
19 56
19 61
19 62
19 64
19 65
19 67
19 69
19 71
19 75
19 76
19 77
19 78
19 79
19 80
19 83
19 84
19 85
19 86
19 88
19 90
19 93
19 94
19 96
19 98
21 59
22 63
24 59
26 62
32 59
33 63
34 92
35 92
36 62
43 92
44 62
46 92
48 62
50 62
55 63
57 63
58 62
59 62
59 73
59 74
59 81
60 62
62 68
62 70
62 72
62 89
63 91
63 95
63 96
82 92
92 97
90 99
0 13
0 27
1 4
2 62
3 48
3 95
3 98
4 11
4 13
4 15
4 18
4 20
4 22
4 38
4 42
4 43
4 50
4 51
4 52
4 53
4 59
4 65
4 70
4 75
4 77
4 78
4 82
4 84
4 94
4 96
5 13
6 13
7 13
8 13
9 13
10 13
12 13
13 14
13 16
13 17
13 23
13 25
13 26
13 30
13 31
13 32
13 34
13 35
13 36
13 37
13 40
13 41
13 46
13 47
13 49
13 54
13 55
13 60
13 61
13 62
13 64
13 66
13 67
13 68
13 69
13 71
13 73
13 74
13 76
13 79
13 80
13 81
13 83
13 85
13 87
13 91
13 92
13 93
13 97
13 98
19 56
21 56
24 62
28 62
29 57
33 62
36 57
39 57
44 57
45 56
56 63
56 68
56 72
56 89
57 86
58 62
62 88
62 90
62 99
89 99
0 62
1 46
2 62
3 8
4 76
5 8
6 62
7 60
8 11
8 13
8 14
8 15
8 16
8 17
8 18
8 20
8 21
8 26
8 27
8 28
8 29
8 31
8 33
8 34
8 35
8 36
8 37
8 39
8 40
8 41
8 43
8 44
8 45
8 47
8 52
8 53
8 55
8 56
8 58
8 59
8 61
8 63
8 64
8 69
8 71
8 73
8 74
8 77
8 78
8 79
8 80
8 81
8 86
8 87
8 88
8 89
8 90
8 91
8 97
8 99
9 67
9 76
10 62
12 81
19 81
22 87
23 81
24 81
25 81
30 67
32 60
38 87
40 76
42 87
46 62
46 84
48 87
49 60
50 60
51 81
54 76
55 60
57 81
60 66
62 81
62 94
62 98
65 67
67 93
68 81
70 81
72 81
75 87
81 82
81 83
81 85
81 92
81 95
87 96
89 99
0 4
1 92
2 30
3 92
4 26
4 31
4 34
4 47
4 48
4 54
4 58
4 65
4 67
4 71
4 98
5 92
6 16
6 71
7 92
8 92
9 71
10 92
11 92
12 92
13 92
14 92
15 92
16 60
16 66
16 81
16 84
17 20
17 21
17 23
17 70
17 86
17 92
17 97
18 37
19 71
22 37
24 92
25 92
27 92
28 92
29 92
30 62
30 65
32 71
33 92
35 92
36 92
37 59
37 87
37 93
38 77
39 92
40 92
41 87
42 92
43 92
44 92
45 92
46 92
49 71
50 87
51 92
52 92
53 92
55 92
56 92
57 92
61 92
63 92
64 92
68 92
69 71
71 76
71 83
71 87
71 92
72 77
73 92
74 92
75 92
77 87
78 92
79 87
80 92
82 92
85 92
88 92
89 92
90 92
91 92
92 94
92 95
92 96
92 99
91 99
0 4
1 5
2 4
3 5
3 83
4 5
4 23
4 28
4 30
4 36
4 45
4 52
4 67
4 68
4 71
4 78
4 84
4 86
4 89
4 91
5 7
5 9
5 10
5 12
5 13
5 15
5 16
5 18
5 19
5 21
5 22
5 27
5 29
5 32
5 34
5 35
5 37
5 38
5 42
5 43
5 46
5 47
5 48
5 50
5 51
5 54
5 56
5 57
5 58
5 59
5 61
5 62
5 63
5 64
5 65
5 66
5 69
5 72
5 73
5 74
5 75
5 77
5 80
5 81
5 88
5 92
5 93
5 98
5 99
6 62
8 81
11 62
14 24
14 81
17 24
20 81
24 60
24 76
24 90
24 94
24 97
25 62
26 81
31 81
33 81
39 62
40 81
41 62
44 62
49 81
52 79
52 87
53 83
55 62
62 70
62 82
62 95
62 96
83 85
89 99
0 17
0 18
1 59
2 17
3 17
4 17
4 25
4 26
4 30
4 36
4 52
4 53
4 55
4 78
4 82
4 86
4 88
4 89
4 90
4 91
4 94
4 95
5 13
6 62
7 17
8 62
9 17
10 17
11 17
12 17
13 40
13 41
13 49
13 70
13 81
14 65
15 17
16 62
17 22
17 23
17 24
17 28
17 29
17 31
17 32
17 34
17 39
17 40
17 42
17 43
17 44
17 46
17 47
17 48
17 50
17 51
17 56
17 57
17 58
17 59
17 60
17 61
17 62
17 66
17 67
17 68
17 69
17 71
17 72
17 74
17 75
17 77
17 80
17 83
17 92
17 97
17 98
19 71
20 46
21 62
27 62
33 59
33 65
35 59
37 59
38 65
45 62
46 76
54 62
59 63
59 85
59 87
59 99
62 73
64 71
65 79
71 84
71 93
71 96
91 99
0 6
0 41
1 6
2 6
3 6
4 5
4 17
4 25
4 37
4 38
4 39
4 43
4 57
4 60
4 69
4 75
4 79
4 80
4 81
4 86
4 95
4 96
6 9
6 10
6 12
6 13
6 14
6 15
6 18
6 20
6 22
6 23
6 24
6 26
6 27
6 28
6 30
6 34
6 35
6 36
6 42
6 45
6 46
6 49
6 50
6 53
6 56
6 58
6 63
6 66
6 67
6 68
6 70
6 71
6 73
6 74
6 76
6 77
6 78
6 81
6 82
6 83
6 84
6 85
6 87
6 88
6 89
6 91
6 93
6 97
7 16
8 81
11 81
16 54
16 60
16 64
16 72
19 81
21 81
29 37
31 81
32 92
33 37
37 40
37 44
37 52
37 65
37 90
47 81
48 81
51 81
55 81
59 81
61 81
62 81
65 92
81 98
81 99
92 94
89 99
0 88
1 88
2 47
2 59
3 71
4 6
4 12
4 18
4 25
4 62
4 68
4 69
4 73
4 74
4 87
4 96
5 59
7 59
8 62
9 59
10 59
11 59
13 86
14 59
15 59
16 59
17 59
19 71
20 59
21 62
22 86
23 59
24 71
26 59
27 59
28 62
29 59
30 59
31 77
32 59
32 88
33 59
34 62
35 77
36 86
37 59
38 59
39 59
40 59
41 59
42 59
43 62
44 59
45 59
46 86
48 62
49 62
50 62
51 59
52 59
53 62
54 62
55 59
55 71
56 62
57 88
58 59
59 60
59 62
59 63
59 64
59 65
59 66
59 70
59 72
59 75
59 76
59 77
59 78
59 79
59 81
59 82
59 83
59 85
59 89
59 92
59 93
59 94
59 98
61 71
62 67
62 80
62 84
62 91
62 95
71 97
86 90
86 98
88 99
89 99
0 1
0 2
0 3
0 4
0 5
0 6
0 11
0 13
0 16
0 17
0 18
0 20
0 21
0 22
0 23
0 25
0 26
0 28
0 33
0 38
0 39
0 43
0 44
0 45
0 49
0 56
0 58
0 60
0 61
0 62
0 63
0 64
0 65
0 66
0 67
0 68
0 69
0 70
0 73
0 74
0 76
0 77
0 78
0 79
0 83
0 84
0 85
0 86
0 87
0 88
0 89
0 90
0 91
0 93
0 98
4 8
4 29
4 31
4 35
4 36
4 37
4 42
4 46
4 47
4 95
4 96
7 62
9 12
10 34
12 19
12 54
12 58
12 94
14 34
15 34
20 59
24 62
27 37
30 34
30 37
32 62
34 50
37 52
37 53
37 55
37 82
40 41
40 57
40 62
40 75
40 80
48 59
51 62
59 81
62 71
62 72
62 92
62 97
62 99
92 99
0 71
1 71
2 24
3 22
4 69
4 78
4 85
4 93
5 22
6 9
7 71
8 22
9 22
10 22
11 22
12 62
13 22
14 24
15 71
16 69
17 22
18 69
19 22
20 22
21 69
22 26
22 28
22 31
22 33
22 34
22 36
22 37
22 38
22 39
22 40
22 42
22 44
22 45
22 46
22 47
22 48
22 49
22 50
22 52
22 56
22 57
22 58
22 61
22 63
22 65
22 66
22 67
22 68
22 70
22 71
22 77
22 79
22 80
22 82
22 84
22 87
22 88
22 90
22 91
22 96
22 99
23 71
24 25
24 29
24 46
24 55
24 74
24 94
27 71
30 62
32 69
35 71
41 71
43 69
51 69
53 62
54 62
59 69
60 69
62 71
62 72
62 73
62 95
62 97
62 98
64 69
69 71
69 76
69 81
69 86
69 89
71 75
71 83
71 92
90 99
0 4
1 34
1 67
1 81
1 83
2 37
2 43
3 43
4 41
4 57
4 58
4 71
4 84
4 90
5 43
6 43
7 43
8 16
9 43
10 43
11 62
12 43
13 43
14 43
15 43
16 27
16 33
16 42
16 70
16 74
16 78
16 88
16 99
17 43
17 55
17 93
18 43
19 62
20 41
21 43
22 43
23 43
24 62
25 43
26 43
28 62
29 62
30 43
31 43
32 43
33 41
35 43
36 62
38 62
39 62
40 43
41 46
41 59
41 62
41 97
43 45
43 47
43 48
43 49
43 50
43 51
43 52
43 53
43 54
43 56
43 60
43 61
43 62
43 63
43 64
43 65
43 66
43 67
43 68
43 69
43 72
43 73
43 75
43 76
43 80
43 85
43 86
43 87
43 91
43 92
43 94
43 98
44 62
62 77
62 79
62 82
62 89
62 95
62 96
90 99
0 4
1 14
2 14
3 14
4 9
4 16
4 17
4 22
4 26
4 28
4 30
4 48
4 52
4 58
4 60
4 61
4 66
4 67
4 71
4 86
5 22
6 22
7 14
8 22
10 14
11 14
12 14
13 45
14 15
14 19
14 20
14 21
14 22
14 23
14 24
14 25
14 29
14 34
14 35
14 37
14 38
14 39
14 40
14 41
14 44
14 47
14 49
14 50
14 53
14 54
14 57
14 63
14 65
14 68
14 70
14 73
14 74
14 75
14 78
14 82
14 83
14 87
14 88
14 89
14 90
14 91
14 93
14 96
18 22
22 33
22 36
22 42
22 46
22 56
22 59
22 62
22 64
22 69
22 72
22 76
22 77
22 80
22 84
22 94
22 97
27 43
31 98
32 98
34 98
43 51
43 67
43 95
45 55
45 72
79 98
81 85
81 92
81 98
98 99
89 99
0 41
1 21
1 50
2 21
3 44
4 12
4 24
4 31
4 42
5 71
6 21
7 21
8 25
9 21
10 21
11 62
13 21
14 62
15 21
16 25
17 62
18 71
19 21
20 21
21 22
21 23
21 24
21 26
21 27
21 28
21 32
21 33
21 36
21 37
21 39
21 40
21 43
21 46
21 49
21 52
21 55
21 56
21 60
21 62
21 63
21 65
21 67
21 68
21 70
21 71
21 73
21 75
21 76
21 77
21 79
21 80
21 81
21 82
21 85
21 86
21 87
21 88
21 90
21 92
21 93
21 96
21 99
25 47
25 57
25 80
25 83
27 44
29 71
30 62
34 62
35 41
38 71
41 59
41 64
41 66
41 71
41 91
41 95
44 45
44 74
44 98
48 62
51 71
53 62
54 71
58 62
61 62
62 69
62 72
62 78
62 84
71 89
71 94
71 97
92 99
0 69
1 24
2 24
3 62
4 7
4 12
4 16
4 59
4 81
5 24
6 24
8 86
9 81
10 69
11 62
13 24
14 62
15 69
17 24
18 24
19 86
20 62
21 24
22 24
23 24
24 26
24 27
24 30
24 34
24 36
24 37
24 40
24 41
24 42
24 45
24 46
24 47
24 50
24 52
24 56
24 58
24 61
24 62
24 63
24 64
24 66
24 68
24 70
24 71
24 72
24 73
24 75
24 76
24 77
24 78
24 81
24 84
24 85
24 88
24 89
24 90
24 91
24 93
24 94
24 97
24 99
25 71
28 81
29 62
31 81
32 62
33 69
35 69
38 62
39 69
43 62
44 69
48 69
49 69
51 71
53 81
54 86
55 62
57 69
60 69
61 86
62 74
62 80
62 92
62 95
62 98
65 71
67 71
69 71
69 82
71 83
71 96
79 86
81 87
9 12
0 1
1 8
2 8
3 6
4 6
5 6
6 9
6 10
6 11
6 12
7 8
8 9
11 19
0 1
0 4
0 18
2 11
2 19
3 10
3 13
3 16
4 7
5 16
6 9
7 9
7 17
7 19
8 15
9 14
9 15
12 15
16 19
2 1
0 1
99 99
0 99
1 99
2 99
3 99
4 99
5 99
6 99
7 99
8 99
9 99
10 99
11 99
12 99
13 99
14 99
15 99
16 99
17 99
18 99
19 99
20 99
21 99
22 99
23 99
24 99
25 99
26 99
27 99
28 99
29 99
30 99
31 99
32 99
33 99
34 99
35 99
36 99
37 99
38 99
39 99
40 99
41 99
42 99
43 99
44 99
45 99
46 99
47 99
48 99
49 99
50 99
51 99
52 99
53 99
54 99
55 99
56 99
57 99
58 99
59 99
60 99
61 99
62 99
63 99
64 99
65 99
66 99
67 99
68 99
69 99
70 99
71 99
72 99
73 99
74 99
75 99
76 99
77 99
78 99
79 99
80 99
81 99
82 99
83 99
84 99
85 99
86 99
87 99
88 99
89 99
90 99
91 99
92 99
93 99
94 99
95 99
96 99
97 99
98 99
98 99
0 98
1 98
2 98
3 98
4 98
5 98
6 98
7 98
8 98
9 98
10 98
11 98
12 98
13 98
14 98
15 98
16 98
17 98
18 98
19 98
20 98
21 98
22 98
23 98
24 98
25 98
26 98
27 98
28 98
29 98
30 98
31 98
32 98
33 98
34 98
35 98
36 98
37 98
38 98
39 98
40 98
41 98
42 98
43 98
44 98
45 98
46 98
47 98
48 98
49 98
50 99
51 99
52 99
53 99
54 99
55 99
56 99
57 99
58 99
59 99
60 99
61 99
62 99
63 99
64 99
65 99
66 99
67 99
68 99
69 99
70 99
71 99
72 99
73 99
74 99
75 99
76 99
77 99
78 99
79 99
80 99
81 99
82 99
83 99
84 99
85 99
86 99
87 99
88 99
89 99
90 99
91 99
92 99
93 99
94 99
95 99
96 99
97 99
98 99
94 99
0 72
1 72
2 72
3 4
4 5
4 13
4 27
4 30
4 35
4 43
4 45
4 47
4 50
4 54
4 61
4 64
4 67
4 68
4 72
4 73
4 81
4 90
4 91
4 98
5 48
5 93
6 81
7 72
8 72
9 81
10 72
11 81
12 99
14 72
15 72
16 72
17 72
18 72
19 99
20 72
21 72
22 81
23 72
24 81
25 72
26 99
28 72
29 72
31 72
32 72
33 72
34 72
36 72
37 72
38 72
39 72
40 81
41 72
42 72
44 72
46 72
49 72
51 72
52 81
53 81
55 72
56 72
57 72
58 72
59 81
60 72
62 72
63 72
65 72
66 72
69 72
70 72
71 99
72 75
72 76
72 78
72 80
72 82
72 83
72 84
72 85
72 86
72 87
72 89
72 94
72 95
72 96
72 97
74 99
77 81
77 99
79 99
81 88
92 99
65 99
0 52
1 24
1 57
1 83
2 80
3 89
4 52
5 14
5 17
5 33
6 53
7 18
8 36
8 46
9 36
10 43
11 37
12 17
13 53
15 37
16 73
16 84
17 31
17 37
17 49
17 50
17 69
18 37
18 47
18 55
18 64
18 67
18 71
19 78
20 26
21 42
21 45
21 65
22 37
22 58
22 62
22 76
22 95
22 98
23 43
25 71
26 74
26 92
27 53
28 36
29 46
29 50
29 75
29 85
29 88
30 73
30 89
32 78
34 53
35 52
35 71
37 40
37 93
38 80
39 78
41 71
41 78
42 60
42 95
43 99
44 62
46 54
46 56
48 80
48 99
51 89
53 59
53 66
53 94
57 96
61 62
62 77
62 91
63 99
66 71
68 89
70 89
71 87
71 89
72 73
78 81
79 80
80 82
80 86
80 87
83 89
89 90
89 92
89 97
66 99
0 22
1 18
2 59
3 65
4 66
5 40
6 40
6 61
6 73
7 30
7 40
8 41
9 42
9 71
10 46
11 13
11 31
11 47
11 86
12 65
14 72
15 28
15 77
16 60
17 60
18 33
18 43
18 78
19 77
20 41
21 25
21 69
22 38
22 74
22 77
22 84
23 30
24 60
26 65
27 72
28 48
28 63
28 95
29 40
30 57
30 62
32 74
34 60
35 71
36 66
37 49
37 77
37 87
38 66
39 74
40 64
41 45
41 59
41 72
41 75
41 77
41 88
41 97
43 60
44 74
46 69
46 79
50 77
51 67
51 69
52 65
52 67
53 59
54 74
55 71
56 83
57 80
57 99
58 77
60 88
64 69
67 76
67 81
67 84
67 91
68 71
69 85
70 83
71 83
71 93
74 83
74 92
77 90
82 83
83 86
83 89
83 94
83 96
83 98
68 99
0 53
1 79
2 87
3 22
4 17
4 19
4 61
4 87
4 88
4 98
5 71
6 37
7 59
8 88
9 57
10 36
10 42
10 44
10 63
10 95
11 27
11 38
12 45
13 14
14 31
14 67
15 27
16 58
16 71
17 23
18 57
20 57
21 71
22 28
22 32
22 71
22 96
23 60
23 78
24 45
25 59
26 60
27 71
27 80
27 88
27 89
27 90
27 91
29 53
30 62
33 87
34 87
35 87
36 77
37 51
37 66
37 92
39 46
39 57
40 79
41 48
41 69
41 83
41 95
43 59
44 79
45 75
45 87
45 92
46 47
46 54
46 55
46 85
46 88
49 52
49 79
49 82
50 88
53 60
56 88
57 65
58 62
58 68
58 74
58 81
59 73
59 76
59 84
59 88
60 72
60 86
60 99
62 93
64 77
67 77
70 77
72 79
88 94
88 97
69 99
0 11
0 67
0 80
1 17
1 83
2 62
3 46
4 11
4 41
4 44
4 50
4 76
5 83
6 82
7 71
8 86
9 61
10 91
11 28
11 46
11 60
11 62
11 85
12 62
13 86
14 91
15 31
15 55
15 83
16 60
17 36
17 53
17 73
17 84
18 65
19 98
20 56
21 89
22 42
22 54
22 63
22 71
22 79
22 97
23 60
24 81
24 86
25 86
26 89
27 71
29 60
30 81
32 59
32 60
33 89
34 91
35 81
37 69
37 74
37 91
38 53
39 65
40 98
43 59
45 53
46 52
47 62
48 61
49 53
51 62
51 91
53 62
56 58
56 71
57 59
60 81
60 95
60 99
61 79
61 98
62 75
64 81
65 68
65 70
65 77
66 71
68 71
71 81
71 87
72 82
73 82
78 83
82 90
82 92
83 93
83 94
85 89
86 96
88 89
69 99
0 16
0 87
1 27
1 37
1 44
2 22
3 49
3 60
4 26
5 8
5 13
5 14
5 22
5 37
5 65
5 72
5 73
5 78
5 80
6 16
7 81
9 53
9 78
10 37
11 37
12 95
15 46
16 28
16 39
16 96
17 88
18 81
19 22
20 53
21 81
22 74
22 90
23 71
24 46
25 65
25 88
26 32
26 52
26 94
29 37
30 81
31 60
33 46
34 57
35 57
36 87
37 42
37 64
37 69
37 71
37 89
38 45
40 51
41 55
41 60
41 78
41 93
42 57
43 69
45 71
45 77
45 91
46 56
46 63
46 67
47 65
48 69
50 51
51 68
51 97
53 59
54 95
56 65
57 62
57 98
58 78
61 69
65 66
65 82
65 99
69 86
70 81
71 75
71 81
71 83
71 96
76 87
78 97
79 81
81 84
81 92
85 88
86 95
94 95
68 99
0 46
1 37
2 51
3 30
3 31
3 33
3 76
3 85
3 90
4 68
5 9
5 69
5 89
5 95
5 96
6 43
7 81
8 16
8 48
8 58
8 72
8 83
8 87
9 62
10 22
10 88
11 28
11 53
12 43
13 43
14 49
15 43
17 23
17 53
17 55
17 63
17 73
17 79
17 93
18 53
19 56
19 64
20 42
20 49
21 28
22 42
22 59
22 86
24 56
25 64
26 64
27 49
28 38
28 61
29 37
31 37
32 64
32 99
33 40
34 42
35 53
36 53
37 84
39 40
40 79
40 83
41 43
42 50
42 57
43 93
44 49
44 51
44 98
45 56
46 71
46 77
46 81
46 92
47 79
49 64
49 70
49 75
49 80
49 91
49 96
52 53
54 56
56 78
56 94
60 79
64 66
64 79
64 81
64 97
65 81
67 68
68 74
68 75
68 82
69 99
0 37
1 18
1 48
2 50
3 7
3 8
3 19
3 28
3 96
4 9
4 20
4 59
4 86
5 13
6 30
6 43
6 68
6 82
6 95
7 44
8 93
10 53
11 45
12 59
13 45
13 51
13 61
13 62
13 71
14 41
15 58
16 31
16 34
16 36
16 79
16 81
16 91
17 22
17 27
17 29
17 51
17 55
17 84
21 35
23 40
24 48
25 58
26 45
30 48
32 41
33 59
35 41
35 46
35 48
35 49
35 70
35 90
35 93
36 59
37 52
37 69
37 78
38 93
39 93
40 53
40 63
40 93
41 59
41 67
41 98
42 48
45 57
47 52
47 60
47 74
47 77
47 83
47 89
47 97
48 50
48 66
48 76
48 80
48 99
50 72
53 56
53 73
53 75
53 85
54 93
55 58
56 58
58 60
64 85
65 88
85 94
87 88
88 89
88 92
69 99
0 13
1 71
2 22
2 39
3 4
4 49
4 51
4 71
4 76
4 88
5 22
6 64
7 39
8 22
8 28
8 99
9 10
10 12
10 14
10 32
10 38
10 54
10 64
10 65
10 96
11 16
11 18
11 24
11 49
11 66
11 81
11 92
13 21
15 78
17 58
19 29
19 58
20 21
20 25
21 35
21 63
21 72
22 30
22 31
22 62
22 71
22 83
23 71
25 27
25 56
25 70
25 71
25 95
26 39
27 33
27 34
27 60
27 73
27 74
27 82
36 47
36 52
36 86
36 93
37 78
38 77
40 67
41 69
42 69
43 71
44 71
45 77
46 53
46 61
46 68
48 58
50 58
55 58
55 71
57 69
59 67
59 75
59 85
59 90
62 77
64 97
67 69
67 80
67 87
67 91
67 94
67 98
68 78
69 79
69 84
71 94
78 82
78 89
78 93
65 99
0 4
1 2
2 3
2 7
2 22
2 82
3 4
3 8
3 18
3 23
3 83
4 9
4 24
4 84
5 25
6 11
6 86
9 89
10 11
11 12
11 31
11 91
12 17
13 18
13 93
14 19
15 19
15 95
16 17
17 18
17 97
18 19
18 38
18 98
19 39
19 99
20 25
21 22
22 27
22 37
22 42
25 26
25 29
25 30
28 33
29 49
32 37
32 52
33 38
33 53
34 39
35 39
36 37
37 57
39 59
40 41
41 42
41 46
41 56
41 61
43 63
44 49
44 59
45 49
47 52
48 49
49 69
50 70
51 52
52 72
54 59
55 59
58 59
59 79
60 75
62 63
62 67
62 77
63 64
63 68
63 78
63 83
65 70
66 86
70 71
70 74
70 90
73 93
75 76
75 95
80 95
81 86
85 86
86 87
88 93
90 95
92 93
93 94
95 96
68 99
0 18
0 32
1 27
2 9
3 22
3 36
3 68
3 99
4 91
5 18
6 12
7 21
8 17
9 46
10 37
10 58
10 65
10 83
11 39
12 60
12 85
13 45
13 98
14 41
15 41
15 71
16 27
17 18
17 23
17 36
17 44
17 52
17 66
17 74
17 78
17 89
17 90
17 93
18 26
18 33
18 40
18 41
18 57
18 77
18 79
19 98
20 34
21 30
21 31
21 47
21 51
21 56
21 59
21 81
24 40
25 41
27 42
27 73
27 76
27 95
28 98
29 70
34 38
34 71
35 98
37 39
39 79
39 87
40 45
40 95
41 51
41 54
41 60
41 72
42 91
43 71
45 46
45 48
45 61
45 75
46 80
46 84
46 94
46 96
49 92
50 71
53 70
55 87
62 71
63 71
64 92
67 87
69 70
70 75
70 82
83 92
86 98
88 98
91 97
67 99
0 60
1 11
2 5
2 19
2 20
2 22
2 25
2 63
2 83
3 17
3 99
4 12
4 25
4 47
4 62
4 69
4 79
4 92
6 94
7 33
7 94
8 42
9 17
10 13
10 19
10 37
10 45
10 49
11 18
11 21
11 44
11 54
11 66
14 25
15 51
16 69
16 75
17 69
18 70
20 87
22 23
22 28
22 32
22 44
22 48
22 61
22 77
22 82
22 85
22 95
22 96
24 42
25 40
26 69
27 81
29 59
30 52
31 42
32 51
33 53
33 78
34 60
34 81
35 65
36 42
38 81
39 59
41 69
41 94
42 43
42 71
43 70
46 51
50 70
51 56
51 90
52 55
52 62
57 65
57 91
57 93
58 62
59 69
60 73
62 81
62 84
64 65
65 85
67 69
68 81
69 80
69 89
69 98
70 86
72 75
74 94
75 97
76 94
88 94
70 99
0 18
1 62
2 57
2 97
3 57
4 66
5 18
6 12
7 19
8 11
8 17
8 42
8 50
8 73
8 83
9 71
10 19
12 60
13 45
14 41
15 66
15 71
16 75
18 26
18 33
18 40
18 41
18 57
19 47
19 57
19 62
19 65
19 79
19 80
19 89
19 98
20 77
21 30
21 31
21 56
21 59
21 81
22 64
23 64
24 40
25 41
27 77
28 60
28 86
29 49
32 66
34 71
35 49
36 39
37 39
38 49
39 47
39 81
39 87
40 45
40 74
40 95
41 51
41 54
41 60
41 72
42 44
42 82
43 71
45 46
45 61
45 75
46 84
46 94
46 96
48 57
48 64
49 52
49 69
49 76
49 92
50 62
53 64
55 87
57 63
57 99
58 60
60 68
62 71
62 77
62 85
64 92
66 78
66 90
67 87
70 75
75 93
88 97
91 97
69 99
0 60
1 76
2 22
2 63
3 17
3 99
4 62
5 19
5 65
5 90
6 33
7 14
7 33
8 35
9 17
10 19
11 21
12 51
13 55
14 27
14 43
15 35
16 35
16 69
17 37
17 71
18 49
19 62
19 80
20 77
20 87
21 55
21 86
22 23
22 48
22 61
22 77
22 95
24 40
24 76
25 40
26 65
28 55
29 49
30 53
31 45
32 51
32 77
33 53
33 78
33 79
34 60
35 55
35 60
35 65
35 73
35 93
36 55
38 69
39 40
40 45
40 70
40 75
41 69
42 71
44 62
45 59
46 51
47 55
49 51
50 51
51 56
52 55
53 88
54 71
55 66
55 83
55 84
55 92
57 65
58 65
58 71
60 79
60 82
60 96
62 81
64 65
65 76
65 77
65 85
67 69
68 77
69 89
71 98
72 75
74 76
75 97
76 91
76 94
11 19
0 1
0 4
0 18
2 11
2 19
3 10
3 13
3 16
4 7
5 16
6 9
7 9
7 17
7 19
8 15
9 14
9 15
12 15
16 19
14 19
0 6
1 6
1 16
2 15
3 15
3 16
3 19
4 6
5 16
7 17
8 15
9 16
10 16
11 16
12 16
13 17
14 16
16 17
16 18
29 49
0 36
1 25
1 39
2 3
2 16
2 40
2 46
3 48
4 17
4 38
4 48
5 8
5 32
5 33
5 37
6 41
7 31
8 31
9 11
9 20
10 34
12 26
12 45
12 48
13 36
14 48
15 31
16 22
16 35
18 48
19 32
20 24
20 48
21 28
23 41
27 41
28 39
28 43
29 36
30 34
32 44
33 48
34 42
34 48
36 48
38 39
39 47
40 41
48 49
68 99
0 63
1 11
1 41
2 33
3 41
3 47
4 37
4 46
4 60
4 63
4 75
4 77
4 80
4 82
5 63
6 13
7 13
7 63
8 12
8 85
9 18
10 18
11 16
11 18
11 22
11 68
11 87
11 91
12 51
12 53
12 64
12 84
13 25
13 35
14 20
14 57
14 87
15 17
17 23
17 26
17 36
17 86
17 96
18 39
18 48
18 63
18 72
19 30
21 22
22 26
22 33
22 55
22 62
22 78
22 98
24 66
24 80
24 99
27 37
28 47
29 63
30 63
31 63
32 76
33 88
34 74
36 74
37 43
37 49
37 58
37 76
38 76
40 49
41 50
41 53
41 67
41 81
41 94
42 68
44 63
45 49
47 56
47 69
47 70
52 74
54 63
59 68
61 84
62 79
62 89
63 90
65 69
69 93
71 84
73 85
83 87
85 95
87 92
87 97
45 79
0 1
0 7
1 16
1 65
2 13
2 33
2 56
2 74
2 76
3 37
3 78
4 39
4 44
4 45
4 47
4 72
5 37
6 42
6 64
7 12
7 28
7 36
8 56
9 78
10 49
11 61
14 20
14 64
15 21
15 75
17 20
18 79
19 35
19 68
19 71
20 35
20 43
21 27
21 48
21 55
21 57
21 59
21 60
21 63
21 66
21 70
22 53
23 79
24 61
25 37
26 54
26 77
27 64
28 54
29 30
29 54
31 41
32 33
34 64
34 77
37 39
38 75
40 77
41 64
46 77
46 79
49 62
49 78
50 75
51 79
52 79
53 58
53 77
54 73
54 74
56 61
63 78
64 67
69 75
65 98
0 71
1 7
1 17
1 27
2 72
3 62
3 71
4 12
5 10
6 41
8 41
8 59
9 71
10 20
10 63
10 80
11 26
11 48
11 58
11 72
11 76
11 83
12 52
12 97
12 98
13 72
14 37
15 27
15 40
16 30
18 22
19 21
20 41
21 24
21 31
21 57
22 25
22 70
22 93
23 27
25 79
27 32
27 35
27 37
27 44
27 72
27 77
27 96
28 68
29 40
30 41
31 59
33 71
33 87
34 59
36 56
36 64
36 68
37 46
37 59
37 73
38 81
39 41
39 79
40 66
41 78
41 88
41 91
42 55
43 71
45 81
47 68
47 72
49 55
50 72
51 57
52 81
53 68
54 87
55 65
57 89
57 90
59 61
59 65
59 74
60 72
61 87
67 72
69 72
72 81
72 82
75 77
77 86
79 84
81 94
81 95
85 87
87 92
62 89
0 11
0 75
1 22
2 17
2 68
3 77
4 22
5 22
5 75
6 70
7 62
8 70
9 62
10 57
12 41
13 25
14 75
15 38
16 28
16 46
16 74
16 82
17 29
17 59
17 60
18 19
18 40
18 42
18 54
18 56
18 58
18 70
18 75
20 57
21 41
22 49
22 73
22 81
23 53
24 53
25 50
25 75
26 37
27 77
29 62
30 75
31 57
32 45
33 41
34 47
35 37
36 45
37 41
37 64
37 75
37 76
37 80
38 41
39 54
39 55
39 63
39 86
39 87
40 48
40 51
40 82
41 57
42 45
43 77
44 75
45 52
45 77
45 83
45 84
47 53
53 61
53 78
53 84
53 85
62 66
62 85
65 77
67 75
68 88
68 89
69 77
70 71
72 77
75 79
70 99
0 14
0 28
1 30
2 86
3 56
4 41
4 50
5 54
6 7
6 18
6 26
6 29
6 35
6 43
6 49
6 57
6 63
6 70
6 73
6 75
6 79
6 84
6 94
6 98
8 35
9 62
10 13
11 35
11 56
12 37
13 17
13 34
13 53
13 58
13 92
13 93
13 95
14 65
14 67
14 71
14 96
15 53
16 86
19 41
20 22
20 59
21 34
22 23
22 37
22 60
22 62
22 71
24 25
24 32
24 52
27 41
30 48
30 65
30 87
30 88
30 97
31 39
31 41
31 44
31 90
32 86
33 56
35 62
35 74
35 81
35 85
36 86
37 42
37 78
37 99
38 41
40 76
41 51
41 56
41 64
43 54
45 76
46 62
47 54
53 68
54 58
55 91
56 69
56 83
61 86
62 82
64 76
66 91
67 91
72 76
76 80
77 91
85 86
86 89
82 99
0 20
1 20
2 20
3 20
4 8
4 14
4 23
4 25
4 27
4 28
4 35
4 36
4 38
4 44
4 47
4 59
4 62
4 71
4 82
5 49
6 22
6 63
7 69
9 20
10 61
11 61
12 20
13 20
14 61
15 49
16 59
17 20
18 59
19 20
20 37
20 39
20 41
20 43
20 48
20 51
20 54
20 55
20 56
20 57
20 60
20 62
20 70
20 75
20 78
20 79
20 81
20 87
20 94
20 95
20 98
21 62
22 31
22 60
22 90
24 62
26 69
29 71
30 62
32 50
33 71
34 62
38 49
40 69
42 71
45 62
46 71
49 89
50 76
50 85
50 99
52 69
53 59
58 71
59 64
59 66
59 69
59 77
61 93
62 68
62 74
62 84
62 86
62 92
65 71
67 69
69 83
69 97
71 73
71 80
72 86
78 88
86 91
88 96
88 99
75 99
0 64
1 6
1 26
1 47
2 90
3 21
4 13
4 22
4 34
4 53
4 61
4 79
4 99
5 88
7 63
8 9
9 33
9 39
9 51
9 68
9 87
10 22
11 64
12 62
14 26
14 53
15 62
16 59
17 28
17 70
17 80
17 91
17 98
18 62
19 64
20 62
21 23
21 55
23 30
24 59
25 30
26 37
26 40
26 57
26 58
26 78
27 62
28 90
29 30
30 32
30 46
30 94
31 63
32 71
35 62
36 62
38 40
40 41
40 73
40 74
40 77
40 83
41 71
42 71
43 63
44 53
45 62
48 59
49 63
50 63
52 63
53 60
53 63
53 65
53 84
53 87
54 63
56 88
59 63
61 88
62 63
62 75
62 93
63 69
63 70
63 72
63 76
63 95
63 97
64 71
66 88
67 90
71 81
71 86
82 90
85 90
88 92
89 90
90 96
69 99
0 62
0 95
1 18
2 43
3 81
4 60
5 84
6 9
6 75
6 78
7 23
8 35
8 66
8 81
10 60
10 67
11 41
12 25
12 41
13 69
14 15
14 71
15 38
15 57
15 61
15 97
16 95
17 95
18 51
18 53
19 78
20 39
20 71
21 78
22 71
22 79
22 87
23 46
23 58
23 92
24 41
26 78
27 69
28 69
29 98
30 84
31 95
32 81
33 69
34 41
36 69
37 43
39 42
39 47
39 93
40 71
41 49
41 69
41 74
41 95
43 48
43 50
43 51
43 56
43 58
43 63
43 90
44 98
45 69
52 78
54 60
55 65
59 81
60 61
63 95
64 87
65 68
65 89
65 93
65 96
70 84
71 95
72 81
73 87
73 98
76 81
77 84
78 81
78 95
80 95
81 99
82 84
83 95
84 86
84 94
85 95
86 95
88 95
91 95
74 99
0 90
1 15
1 90
2 4
3 4
4 37
4 54
4 55
4 57
4 60
4 69
4 70
4 96
4 97
5 68
5 90
6 88
7 44
8 11
9 22
10 90
11 63
11 67
11 72
11 98
11 99
12 90
13 68
14 90
16 22
17 88
18 88
19 30
20 37
20 76
21 69
21 88
22 38
22 40
22 43
22 69
22 86
23 62
24 88
25 37
26 90
27 42
27 45
27 56
27 66
27 73
27 80
27 90
27 99
28 47
29 90
30 90
31 47
32 44
33 90
34 69
35 44
36 67
37 82
39 47
41 76
42 62
44 94
46 62
47 60
47 77
47 84
48 69
49 53
50 90
51 90
52 67
53 69
53 78
53 90
53 91
58 79
58 90
58 95
59 90
61 90
62 64
62 71
62 85
62 93
65 89
68 81
68 94
69 74
69 92
75 90
76 83
87 89
88 89
68 99
0 72
0 81
1 22
2 5
2 46
2 54
2 55
2 91
3 36
3 83
3 98
4 79
6 37
7 15
8 69
9 22
9 96
10 72
11 22
11 26
11 58
11 80
11 88
12 22
13 69
14 22
15 24
15 48
15 56
15 62
15 67
16 31
16 74
17 96
18 45
19 22
19 74
20 96
21 96
22 29
22 48
22 50
22 53
22 63
22 68
22 75
22 82
22 86
22 90
22 94
23 32
23 33
23 51
23 65
25 87
27 76
28 66
30 87
34 37
35 76
36 57
36 92
36 99
37 72
38 69
39 70
40 76
41 96
42 53
43 66
44 53
44 72
45 51
45 53
45 60
45 64
45 69
47 76
49 87
52 87
53 84
59 70
60 79
61 66
66 84
69 77
69 87
69 91
69 93
69 99
70 72
71 87
72 95
73 87
74 78
76 92
79 97
85 95
89 95
81 99
0 16
1 16
2 5
2 16
3 62
4 9
4 26
4 36
4 38
4 57
4 59
4 62
4 81
4 83
6 18
7 18
7 62
8 64
10 81
11 71
12 45
13 28
13 32
13 80
14 71
15 16
16 23
16 29
16 31
16 35
16 46
16 55
16 58
16 62
16 68
16 69
16 73
16 75
16 82
16 85
16 86
16 91
16 93
16 96
16 99
17 31
18 20
18 74
18 88
18 95
19 53
20 64
21 62
22 81
24 53
25 62
27 62
28 53
30 81
31 98
33 62
34 71
37 53
39 81
40 45
41 71
42 62
43 47
43 54
43 61
44 45
45 48
45 51
45 60
45 76
45 89
47 71
48 62
49 71
50 81
52 71
53 95
56 71
62 63
62 66
62 71
62 77
62 87
62 94
62 97
64 70
65 71
67 81
71 78
71 79
71 90
71 92
72 81
81 84
80 96
0 80
1 80
2 80
3 80
4 80
5 81
6 81
7 81
8 81
9 81
10 82
11 82
12 82
13 82
14 82
15 83
16 83
17 83
18 83
19 83
20 84
21 84
22 84
23 84
24 84
25 85
26 85
27 85
28 85
29 85
30 86
31 86
32 86
33 86
34 86
35 87
36 87
37 87
38 87
39 87
40 88
41 88
42 88
43 88
44 88
45 89
46 89
47 89
48 89
49 89
50 90
51 90
52 90
53 90
54 90
55 91
56 91
57 91
58 91
59 91
60 92
61 92
62 92
63 92
64 92
65 93
66 93
67 93
68 93
69 93
70 94
71 94
72 94
73 94
74 94
75 95
76 95
77 95
78 79
78 95
80 81
81 82
82 83
83 84
84 85
85 86
86 87
87 88
88 89
89 90
90 91
91 92
92 93
93 94
94 95
95 96
79 96
0 80
1 80
2 80
3 81
4 81
5 81
6 81
7 81
8 82
9 82
10 82
11 82
12 82
13 83
14 83
15 83
16 83
17 83
18 84
19 84
20 84
21 84
22 84
23 85
24 85
25 85
26 85
27 85
28 86
29 86
30 86
31 86
32 86
33 87
34 87
35 87
36 87
37 87
38 88
39 88
40 88
41 88
42 88
43 89
44 89
45 89
46 89
47 89
48 90
49 90
50 90
51 90
52 90
53 91
54 91
55 91
56 91
57 91
58 92
59 92
60 92
61 92
62 92
63 93
64 93
65 93
66 93
67 93
68 94
69 94
70 94
71 94
72 94
73 95
74 95
75 95
76 95
77 78
78 79
78 96
79 80
80 81
81 82
82 83
83 84
84 85
85 86
86 87
87 88
88 89
89 90
90 91
91 92
92 93
93 94
94 95
78 96
0 80
1 81
2 81
3 81
4 81
5 81
6 82
7 82
8 82
9 82
10 82
11 83
12 83
13 83
14 83
15 83
16 84
17 84
18 84
19 84
20 84
21 85
22 85
23 85
24 85
25 85
26 86
27 86
28 86
29 86
30 86
31 87
32 87
33 87
34 87
35 87
36 88
37 88
38 88
39 88
40 88
41 89
42 89
43 89
44 89
45 89
46 90
47 90
48 90
49 90
50 90
51 91
52 91
53 91
54 91
55 91
56 92
57 92
58 92
59 92
60 92
61 93
62 93
63 93
64 93
65 93
66 94
67 94
68 94
69 94
70 94
71 95
72 95
73 95
74 95
75 76
75 95
77 78
78 79
78 96
79 80
80 81
81 82
82 83
83 84
84 85
85 86
86 87
87 88
88 89
89 90
90 91
91 92
92 93
93 94
94 95
60 98
0 80
1 80
2 80
3 81
4 81
5 81
6 82
7 82
8 82
9 82
10 82
11 83
12 83
13 83
14 84
15 84
16 84
17 84
18 84
19 85
20 85
21 85
22 86
23 86
24 86
25 86
26 86
27 87
28 87
29 87
30 88
31 88
32 88
33 88
34 88
35 89
36 89
37 89
38 90
39 90
40 90
41 90
42 43
42 90
43 44
43 91
44 45
45 46
46 92
47 92
48 92
49 92
50 51
50 92
51 52
52 53
53 54
53 93
54 94
55 94
56 94
57 94
58 59
58 94
59 60
59 95
60 61
61 62
62 96
63 96
64 96
65 96
66 67
66 96
67 68
67 97
68 69
69 70
70 98
71 98
72 98
73 98
74 75
74 98
75 76
76 77
77 78
79 80
80 81
81 82
82 83
83 84
84 85
85 86
86 87
87 88
88 89
89 90
91 99
0 1
0 2
0 3
0 4
0 5
0 6
0 7
0 8
0 9
0 10
0 11
0 12
0 13
0 14
0 15
0 16
0 17
0 18
0 19
0 20
0 21
0 22
0 23
0 24
0 25
0 26
0 28
0 30
0 31
0 33
0 34
0 35
0 40
0 42
0 46
0 48
0 49
0 51
0 52
0 56
0 57
0 58
0 60
0 62
0 63
0 65
0 67
0 70
0 71
0 73
0 74
0 75
0 78
0 81
0 82
0 83
0 85
0 87
0 89
0 90
0 99
1 47
4 41
4 54
4 59
4 68
4 69
4 79
4 80
4 84
4 86
4 92
4 94
4 96
20 98
27 62
29 64
32 62
36 62
37 55
37 64
37 76
38 64
39 62
43 62
44 62
45 62
45 64
50 62
53 98
61 98
62 66
62 88
62 91
64 72
64 93
64 95
64 97
77 98
98 99
0 2
0 3
0 4
0 5
0 6
0 7
0 8
0 9
0 10
0 11
0 12
0 13
0 14
0 15
0 16
0 17
0 18
0 19
0 20
0 21
0 22
0 23
0 24
0 25
0 26
0 27
0 28
0 29
0 30
0 31
0 32
0 33
0 34
0 35
0 36
0 37
0 38
0 39
0 40
0 41
0 42
0 43
0 44
0 45
0 46
0 47
0 48
0 49
0 50
0 51
0 52
0 53
0 54
0 55
0 56
0 57
0 58
0 59
0 60
0 61
0 62
0 63
0 64
0 65
0 66
0 67
0 68
0 69
0 70
0 71
0 72
0 73
0 74
0 75
0 76
0 77
0 78
0 79
0 80
0 81
0 82
0 83
0 84
0 85
0 86
0 87
0 88
0 89
0 90
0 91
0 92
0 93
0 94
0 95
0 96
0 97
0 98
0 99
1 2
60 99
0 2
0 4
0 5
0 7
0 20
0 70
1 4
3 9
4 6
6 9
8 9
10 12
10 14
10 15
10 17
10 40
11 19
13 19
16 17
16 19
17 18
20 22
20 24
20 25
20 27
21 22
21 29
22 23
26 29
28 29
30 32
30 34
30 35
30 37
30 90
31 39
33 39
36 37
36 39
37 38
40 42
40 44
40 45
40 47
40 70
41 49
43 45
43 49
45 48
46 49
50 52
50 54
50 55
50 57
50 70
51 52
52 53
53 59
56 59
58 59
60 62
60 64
60 65
60 67
60 70
60 90
61 64
63 69
64 66
66 69
68 69
70 72
70 74
70 75
70 77
70 80
71 74
73 79
74 76
76 79
78 79
80 82
80 84
80 85
80 87
81 89
83 89
86 87
87 88
88 89
90 92
90 94
90 95
90 97
91 99
93 99
96 97
96 99
97 98
50 90
0 39
0 86
1 71
2 59
3 4
3 41
5 24
5 27
5 59
6 69
7 14
7 31
8 34
8 51
8 68
9 17
9 19
9 45
9 69
10 17
10 73
11 25
12 15
12 42
12 87
13 60
14 65
14 66
14 69
15 36
15 69
15 82
16 81
17 57
18 35
18 55
20 34
21 75
22 87
23 44
25 60
25 61
26 35
27 89
28 86
29 65
30 65
32 68
33 85
34 47
34 69
35 78
36 70
37 54
38 69
39 46
39 62
40 69
41 79
41 81
43 71
44 60
46 58
46 69
46 90
47 77
48 78
48 85
49 69
50 69
51 72
52 69
53 69
54 74
55 83
56 63
59 63
59 69
60 69
61 64
67 69
69 74
69 76
69 78
69 81
69 88
71 74
74 75
78 84
80 81
8 10
0 9
1 3
2 3
3 5
3 6
3 7
4 7
7 8
7 9
9 10
39 39
0 35
1 35
2 35
3 35
4 35
5 35
6 35
7 35
8 35
9 35
10 35
11 35
12 35
13 35
14 35
15 35
16 35
17 35
18 35
19 35
20 35
21 35
22 35
23 35
24 35
25 35
26 35
27 35
28 35
29 35
30 35
31 35
32 35
33 35
34 35
35 36
35 37
35 38
35 39
83 99
0 4
1 4
1 5
2 29
3 80
4 8
4 9
4 10
4 12
4 34
5 16
5 52
5 54
5 58
5 63
5 85
5 95
5 97
6 26
7 96
8 13
8 26
8 27
8 33
8 40
9 18
11 41
12 14
12 15
12 23
12 39
12 88
12 90
12 93
17 55
18 24
18 28
18 30
18 37
18 42
18 71
18 76
18 78
19 80
20 26
21 80
22 98
25 29
26 29
26 35
26 44
26 46
26 53
26 66
26 87
29 41
29 49
29 86
29 91
31 96
32 47
33 47
34 55
36 98
38 98
41 61
41 67
41 70
41 75
41 81
41 82
43 98
45 96
47 56
47 60
47 62
47 64
47 65
47 80
47 96
47 98
48 55
50 96
51 96
55 59
55 68
55 77
55 79
57 96
69 96
72 98
73 96
74 98
80 92
80 94
83 96
84 98
89 98
98 99
81 99
0 4
1 4
2 8
2 15
2 19
2 42
3 4
3 30
4 10
4 16
4 20
4 44
4 47
5 81
6 81
7 11
9 41
9 50
9 52
9 57
9 58
9 59
9 72
9 74
9 79
9 82
11 17
11 29
11 43
12 43
13 14
13 22
13 23
13 28
13 31
13 32
13 64
13 82
13 97
18 60
19 69
20 25
20 26
20 36
20 46
20 66
20 75
20 83
20 96
20 99
21 60
24 69
27 60
30 33
30 34
30 35
30 45
30 53
30 56
30 61
36 48
36 54
36 62
36 92
37 67
38 81
39 81
40 82
43 44
43 67
47 60
49 69
51 68
51 69
51 73
51 77
51 78
51 94
51 95
55 81
60 65
60 69
60 86
60 89
60 91
63 81
67 70
67 87
67 88
69 80
69 81
69 82
69 84
71 82
76 81
81 85
81 98
82 90
82 93
72 99
0 9
0 16
0 17
0 32
0 43
0 52
0 69
0 80
0 88
1 37
1 81
2 50
2 88
3 62
4 44
5 79
6 45
7 79
8 34
8 41
8 42
8 60
10 48
11 62
12 37
13 70
14 50
14 79
15 19
15 21
15 22
15 54
15 61
18 58
19 28
20 45
22 35
22 51
22 68
23 28
23 88
24 81
25 70
26 39
27 50
28 36
28 53
28 60
29 88
30 48
31 39
33 73
36 38
36 59
36 83
36 92
37 61
39 88
39 89
40 70
44 48
44 58
45 81
46 58
47 81
48 57
48 88
49 88
55 73
56 62
58 66
58 73
62 79
62 98
63 64
63 72
63 74
63 88
63 97
65 81
67 75
67 78
67 79
67 82
67 86
67 87
67 96
70 77
70 88
70 90
71 73
76 81
79 85
79 95
81 84
81 91
81 99
88 93
88 94
81 99
0 57
1 9
2 40
3 83
4 96
5 40
6 83
7 22
8 57
9 11
9 16
9 35
9 73
9 76
9 80
9 90
9 93
10 20
10 35
10 58
10 64
10 66
10 68
10 87
11 23
11 28
11 32
11 43
11 56
11 69
11 71
11 83
11 95
11 98
12 79
13 34
14 57
15 96
16 62
16 84
17 22
18 79
19 96
21 35
22 29
24 35
24 40
25 39
25 45
25 52
25 57
25 65
25 79
26 35
27 57
29 33
29 35
29 74
29 92
30 96
31 37
31 41
31 44
31 49
31 51
31 61
31 86
31 90
31 97
34 72
34 75
34 80
35 36
35 77
35 89
35 96
38 57
40 45
42 57
45 47
45 54
45 55
45 59
45 63
45 82
46 96
48 79
50 79
53 79
57 60
67 96
70 83
78 83
79 91
80 99
81 90
85 90
88 96
94 96
77 99
0 18
1 7
1 17
2 91
3 99
4 64
5 27
6 18
6 72
7 76
7 79
7 91
8 12
8 15
8 29
8 58
8 79
8 85
8 87
8 88
8 93
9 18
10 13
10 19
10 30
10 45
10 48
10 61
10 70
11 64
14 99
16 18
17 18
17 24
17 26
18 30
18 62
20 25
20 30
20 57
20 92
21 33
21 64
22 68
23 72
24 39
24 44
24 51
24 82
24 95
27 35
27 91
27 99
28 72
30 32
30 34
30 59
30 63
30 65
30 67
30 78
30 94
31 41
31 43
31 49
31 64
31 71
31 80
31 86
31 97
33 53
33 68
36 79
37 64
38 72
40 72
42 91
46 91
47 72
47 75
47 77
47 81
50 91
52 79
53 72
54 91
55 72
56 64
60 67
66 91
67 69
67 73
68 90
68 98
72 74
72 83
72 96
79 89
84 91
72 98
0 1
0 2
1 3
1 4
2 5
2 6
3 8
4 9
5 12
6 14
7 34
8 17
8 18
8 35
8 38
8 39
8 68
8 78
8 81
9 13
9 15
9 16
9 19
9 20
9 21
9 34
9 36
9 40
9 50
9 58
9 83
9 84
9 86
9 88
9 89
10 34
11 34
12 25
12 26
12 47
12 73
14 29
14 30
14 43
14 49
14 54
14 57
14 62
14 65
14 66
14 82
14 98
17 94
18 85
22 45
23 28
24 34
27 34
28 36
28 48
28 52
28 56
31 34
32 94
33 94
34 37
34 61
34 69
34 70
34 71
34 74
37 96
37 97
41 72
42 45
43 87
44 72
45 51
45 64
45 76
45 91
45 92
46 94
51 94
53 63
55 86
59 94
60 63
63 88
63 90
63 95
67 87
72 77
72 92
75 94
79 94
80 86
87 93
68 98
0 1
0 2
1 3
1 4
2 5
2 6
4 9
7 44
8 17
8 91
9 26
9 42
9 52
10 62
11 51
12 71
13 62
14 62
15 31
16 34
16 56
17 31
17 35
17 36
17 65
17 67
17 92
18 77
19 44
19 57
20 34
21 44
21 59
22 28
22 44
22 68
22 70
22 86
22 87
23 87
24 51
25 71
27 44
29 59
30 62
31 60
31 64
32 77
33 44
34 47
34 61
34 70
35 39
35 43
35 44
35 46
35 54
35 71
35 72
35 73
35 76
35 78
35 81
35 95
36 51
37 51
38 77
39 80
40 89
41 55
41 83
41 93
42 59
44 49
44 58
44 62
44 63
44 69
44 79
44 85
44 88
44 89
44 90
45 71
48 89
50 87
53 80
59 97
59 98
62 94
66 75
71 74
71 93
75 82
75 87
77 84
77 92
80 96
70 98
0 2
1 3
1 4
2 5
2 6
4 9
4 10
5 11
7 62
8 17
9 70
10 21
10 22
10 23
10 25
10 28
10 33
10 57
10 62
10 72
10 82
10 87
10 90
10 92
10 95
10 97
11 26
11 27
11 42
11 51
12 39
13 62
14 45
15 17
15 48
16 66
16 69
17 20
17 35
17 55
18 69
19 40
22 24
22 46
22 54
22 71
22 80
22 96
27 40
29 45
30 62
31 58
31 63
31 64
32 40
34 69
35 71
36 62
37 40
38 70
39 41
39 73
39 80
40 81
40 87
40 89
43 69
43 71
44 63
45 62
45 79
45 91
47 57
48 49
48 50
48 52
48 53
48 68
48 98
55 63
56 62
57 67
57 77
57 78
57 85
57 88
59 63
60 63
61 70
63 74
65 87
69 76
69 84
71 83
71 86
71 94
75 98
93 98
70 98
0 2
1 3
1 4
2 5
2 6
4 9
4 10
5 11
7 62
8 17
9 70
10 21
10 22
10 23
10 25
10 28
10 33
10 57
10 62
10 72
10 82
10 87
10 90
10 92
10 95
10 97
11 26
11 27
11 42
11 51
12 39
13 62
14 45
15 17
15 48
16 66
16 69
17 20
17 35
17 55
18 69
19 40
22 24
22 46
22 54
22 71
22 80
22 96
27 40
29 45
30 62
31 58
31 63
31 64
32 40
34 69
35 71
36 62
37 40
38 70
39 41
39 73
39 80
40 81
40 87
40 89
43 69
43 71
44 63
45 62
45 79
45 91
47 57
48 49
48 50
48 52
48 53
48 68
48 98
55 63
56 62
57 67
57 77
57 78
57 85
57 88
59 63
60 63
61 70
63 74
65 87
69 76
69 84
71 83
71 86
71 94
75 98
93 98
65 98
0 1
0 2
1 3
1 4
2 5
2 6
3 8
4 10
5 11
6 14
7 27
8 17
8 18
8 33
8 94
8 97
9 27
10 21
10 22
11 23
11 24
11 27
11 32
11 48
11 61
11 72
11 96
12 25
12 27
13 27
14 29
14 30
14 41
14 51
14 59
14 71
14 83
14 84
15 31
16 31
16 58
18 73
18 78
19 39
19 40
19 50
19 53
19 75
19 77
19 91
20 35
20 41
20 42
20 46
20 63
22 66
26 27
27 37
27 38
27 44
27 55
27 56
27 57
27 62
27 69
27 79
27 86
27 89
28 45
30 70
31 63
31 64
31 82
31 91
33 67
34 70
36 45
43 83
43 87
43 88
45 47
45 54
45 68
45 74
45 87
45 92
49 65
52 65
56 85
58 81
58 95
60 70
65 68
65 93
65 98
70 80
76 85
85 90
69 99
0 81
1 4
1 22
2 8
2 71
3 59
5 7
6 11
7 46
7 55
7 68
7 96
9 24
10 24
11 20
11 45
11 73
11 87
12 45
13 22
14 49
15 31
15 45
16 34
17 22
18 22
19 24
21 29
21 51
21 60
21 76
21 83
21 85
21 86
22 45
22 59
22 96
23 59
24 44
24 74
24 79
24 90
25 58
26 45
27 58
28 71
30 87
31 57
31 84
32 65
33 45
33 58
34 35
34 47
34 61
34 85
34 88
36 40
36 81
37 58
38 63
39 59
40 52
40 84
40 91
41 65
42 81
43 78
45 51
45 56
45 69
45 70
45 78
45 97
48 59
49 78
49 93
50 68
53 63
54 59
58 71
58 74
58 82
59 92
62 87
63 69
63 75
63 80
64 78
65 92
66 78
67 68
68 98
72 81
77 78
78 94
78 99
87 89
87 95
67 99
0 11
1 59
2 26
3 15
3 71
3 79
3 83
4 29
4 32
4 36
4 54
4 61
5 12
5 69
6 11
6 68
7 56
7 65
8 49
9 22
10 15
10 30
10 46
10 58
10 67
10 93
11 19
11 20
11 37
11 41
11 48
11 65
11 94
12 40
12 72
13 22
14 25
14 53
14 73
14 91
16 60
17 27
17 68
18 22
18 33
18 38
18 50
18 63
18 65
18 92
21 60
21 76
22 31
22 34
22 52
22 75
23 39
24 87
26 28
26 33
26 70
26 90
27 44
27 74
27 81
29 40
35 68
37 59
37 64
37 78
37 84
39 60
39 85
40 86
40 87
41 42
41 51
41 98
43 46
45 60
46 97
47 87
49 62
49 77
49 82
55 65
57 60
59 66
59 87
59 88
59 93
60 92
62 87
62 95
62 99
65 80
68 91
68 96
87 89
72 99
0 69
1 99
2 6
2 69
3 4
4 29
4 39
4 47
4 66
4 89
4 92
4 97
5 11
6 17
7 66
8 35
8 81
9 35
10 38
10 99
11 25
11 32
11 44
11 45
11 49
11 66
11 69
11 73
11 90
12 99
13 66
14 26
14 37
15 99
16 22
18 71
19 35
20 22
20 31
21 34
21 60
21 91
21 93
21 95
22 24
22 53
23 35
27 53
28 35
30 36
30 66
31 40
31 46
31 50
31 64
31 82
31 87
31 94
33 81
35 68
36 55
36 79
36 80
37 69
37 83
37 84
37 86
38 51
38 58
38 98
41 81
42 71
43 71
45 81
48 71
48 99
52 66
53 56
53 66
54 99
57 99
59 91
61 66
62 81
63 91
65 96
66 70
66 71
66 88
67 71
69 75
71 72
71 76
73 96
74 96
77 81
78 96
81 95
85 96
66 99
0 15
0 29
0 70
0 95
1 45
2 8
2 36
3 62
4 18
4 23
4 58
4 83
5 7
5 62
5 74
6 71
9 45
10 13
10 39
10 54
10 59
10 62
10 63
10 72
10 97
11 24
12 45
14 81
15 19
16 53
17 34
18 20
18 75
18 79
19 48
19 55
19 61
19 65
19 77
19 98
20 30
20 40
20 69
21 47
22 37
24 71
24 78
25 33
25 34
25 35
25 38
25 48
25 68
26 31
26 51
26 93
27 47
28 94
30 84
31 81
32 47
32 71
34 44
34 62
34 88
36 41
36 64
36 73
36 80
37 46
37 71
37 87
37 89
42 44
42 52
42 57
42 96
43 94
45 54
47 50
47 85
49 53
53 62
53 73
53 82
53 90
56 62
60 94
62 86
66 71
67 94
68 94
69 81
71 99
76 87
81 87
81 92
87 96
91 94
70 99
0 52
1 59
2 50
3 25
4 21
4 25
4 40
4 48
4 51
4 53
4 61
4 94
5 37
6 45
6 84
7 52
8 15
8 89
8 96
9 29
9 33
9 42
9 83
10 25
11 71
12 84
13 78
14 41
16 24
17 23
17 37
17 41
17 53
17 63
17 66
17 75
18 59
19 50
19 57
20 37
22 34
22 41
22 49
22 54
22 80
22 82
24 44
24 77
25 39
25 60
25 68
25 81
25 84
25 87
25 97
26 53
27 86
28 84
29 84
30 41
31 52
32 59
35 71
36 41
37 96
38 50
40 73
40 76
41 43
41 71
41 91
44 53
46 69
47 81
50 55
50 58
50 72
52 93
52 97
53 67
53 92
53 98
55 84
56 78
59 84
62 86
64 73
65 78
65 84
69 81
69 85
70 84
71 90
73 74
79 86
80 86
81 95
84 88
86 99
62 99
0 20
1 38
1 81
1 86
2 40
3 87
4 61
5 11
6 81
7 62
8 22
9 22
10 41
10 74
11 40
11 82
12 77
13 60
14 71
15 39
16 41
17 40
18 79
19 87
20 23
20 28
20 29
20 32
20 45
20 59
20 74
21 48
21 59
21 83
22 28
22 94
22 99
24 26
24 35
24 57
24 64
25 69
25 79
26 31
27 69
30 96
31 37
31 75
32 63
33 60
34 37
36 76
37 72
37 88
38 54
39 44
39 45
40 80
41 78
41 90
42 63
43 50
43 70
43 95
45 51
45 57
45 60
46 59
47 74
49 74
50 76
52 77
53 60
53 80
53 93
55 63
56 79
58 59
59 61
60 67
60 76
61 98
62 68
62 69
62 74
62 89
62 97
63 91
65 71
66 71
69 96
71 81
73 96
74 81
74 85
77 78
77 84
77 92
81 87
63 99
0 75
1 3
2 82
3 10
3 49
4 7
4 10
4 29
4 41
4 68
5 37
5 47
5 61
6 82
8 24
9 64
11 90
12 15
12 95
13 38
13 81
14 57
15 27
15 53
15 59
15 93
16 74
17 69
18 71
19 90
20 69
21 57
21 65
22 23
22 36
22 40
22 41
22 60
22 76
22 98
24 48
24 88
24 97
25 40
26 31
26 40
28 74
28 90
30 38
31 34
31 96
32 38
33 74
35 58
35 73
35 82
35 86
35 97
38 45
38 54
38 83
39 95
40 43
40 44
40 92
41 71
42 75
46 81
47 57
50 69
51 85
51 87
51 91
52 58
55 65
55 77
55 89
56 82
57 67
58 63
62 64
64 66
64 91
65 69
66 95
67 82
70 90
71 79
71 82
72 81
73 95
74 75
74 81
74 82
74 84
78 81
80 82
81 99
90 94
66 99
0 6
0 9
0 58
1 39
2 50
3 47
3 58
3 91
4 87
5 58
5 66
5 93
7 67
8 56
8 70
8 73
10 39
11 58
12 87
13 32
13 53
14 66
15 84
16 77
17 19
17 41
17 62
17 65
17 85
18 28
20 67
21 77
22 67
23 57
24 39
25 58
26 50
26 57
27 39
28 36
29 37
30 95
31 96
33 58
33 95
34 95
35 71
36 43
36 71
37 39
37 45
37 52
37 89
38 67
38 77
39 44
39 51
39 63
39 78
39 94
40 96
41 54
41 55
41 78
41 99
42 77
46 57
48 50
49 71
50 64
50 75
52 84
53 61
53 77
56 95
57 78
57 88
57 92
59 67
60 62
62 72
67 81
68 77
68 87
69 71
69 96
71 78
71 86
71 97
74 78
76 84
77 80
77 83
78 79
78 83
78 98
82 84
87 90
95 97
59 59
0 55
1 55
2 55
3 55
4 55
5 55
6 55
7 55
8 55
9 55
10 55
11 55
12 55
13 55
14 55
15 55
16 55
17 55
18 55
19 55
20 55
21 55
22 55
23 55
24 55
25 55
26 55
27 55
28 55
29 55
30 55
31 55
32 55
33 55
34 55
35 55
36 55
37 55
38 55
39 55
40 55
41 55
42 55
43 55
44 55
45 55
46 55
47 55
48 55
49 55
50 55
51 55
52 55
53 55
54 55
55 56
55 57
55 58
55 59
79 99
0 71
1 61
1 81
2 40
2 41
2 42
2 44
2 48
2 50
2 51
2 56
2 59
2 60
2 62
2 63
2 70
2 71
2 74
2 75
2 77
2 81
2 82
2 83
2 84
2 86
2 91
2 93
2 94
2 96
3 81
4 61
5 81
6 61
7 90
8 52
8 53
8 54
8 57
8 67
8 68
8 73
8 74
8 78
8 80
8 87
8 88
8 95
9 81
10 59
11 81
12 71
13 71
14 59
15 71
16 85
17 61
18 61
19 81
20 85
21 61
21 66
21 99
22 61
23 71
24 71
24 85
25 81
26 71
27 49
27 54
27 90
28 64
28 65
28 72
28 89
29 69
29 71
30 43
30 45
30 55
30 58
30 72
30 97
30 98
31 69
32 71
33 69
34 81
35 85
36 90
37 46
37 47
37 55
37 71
37 76
37 79
37 92
38 81
39 71
76 99
0 52
1 9
2 59
3 80
3 86
4 93
5 53
6 71
7 77
7 80
8 23
9 20
9 39
9 57
9 78
10 59
11 80
12 59
12 74
13 80
14 50
14 87
15 21
16 27
17 27
18 59
19 23
20 80
21 87
22 77
23 40
23 54
23 58
23 63
23 82
24 93
25 59
26 71
27 28
27 63
27 70
27 81
27 96
27 99
29 80
30 53
31 77
32 53
33 80
34 80
35 87
36 80
37 52
38 77
40 48
40 62
40 66
41 49
42 87
43 53
44 80
45 53
46 51
46 69
46 80
47 93
49 53
49 75
52 53
52 67
53 80
53 83
53 91
55 59
56 87
59 60
59 61
59 71
59 79
59 80
59 88
64 80
65 80
65 93
68 87
70 87
71 72
71 87
71 95
73 80
76 80
80 85
80 89
80 90
80 94
84 89
87 92
89 98
93 97
52 99
0 39
0 57
0 93
0 98
1 41
1 55
2 8
2 31
2 66
2 80
3 8
4 9
5 77
6 24
6 44
6 45
7 17
7 95
8 63
8 99
9 69
10 18
10 35
10 42
11 78
12 93
13 92
13 95
14 86
15 90
16 23
16 28
16 51
17 60
17 72
17 73
18 38
19 95
20 56
21 37
22 25
22 50
22 74
24 60
25 62
25 65
25 75
25 81
25 85
25 93
25 96
26 29
27 40
27 70
29 52
29 78
29 83
30 62
31 87
32 60
33 94
33 95
34 71
36 45
37 72
37 82
38 46
38 68
38 73
40 94
41 67
41 79
43 60
45 71
47 55
47 69
48 56
49 67
51 90
53 78
54 67
54 86
55 61
56 60
58 67
59 69
60 84
60 89
60 93
60 99
62 83
64 80
71 77
71 97
75 86
76 90
76 93
77 88
91 93
48 99
0 90
1 31
1 63
1 99
2 49
3 25
3 50
4 24
4 33
4 50
4 52
4 56
4 81
5 17
6 7
6 89
8 23
8 71
8 83
9 81
10 78
10 90
10 94
11 64
11 67
11 78
12 53
13 80
14 38
14 65
15 92
16 31
16 51
17 46
17 52
18 92
19 51
20 26
21 35
21 86
22 73
22 86
24 36
26 27
26 74
27 58
27 62
27 64
28 93
29 57
30 44
30 69
30 93
31 88
32 35
32 54
34 52
35 66
35 69
37 45
39 49
40 89
41 46
42 81
42 82
43 69
43 87
44 84
45 48
45 67
46 59
47 61
49 61
49 68
49 74
50 74
50 80
50 92
50 99
53 79
53 97
55 61
57 85
57 89
58 96
60 65
63 72
63 97
65 66
69 81
69 91
70 82
74 83
74 89
75 87
76 78
77 93
80 98
87 95
55 99
0 7
1 47
1 69
1 70
2 69
3 75
4 17
4 30
4 50
4 69
5 22
5 49
5 82
5 91
6 13
6 48
6 71
6 89
7 39
8 83
9 55
9 66
9 79
10 64
11 60
12 27
12 83
14 23
15 23
15 57
16 26
17 53
17 73
18 79
18 87
19 21
19 29
19 65
20 36
20 37
20 64
23 41
24 62
24 77
25 69
26 31
26 39
26 68
26 76
27 34
27 64
27 69
27 77
27 81
28 54
28 59
31 94
32 40
33 35
34 52
34 65
35 69
35 72
38 81
39 96
40 42
40 54
42 43
42 80
44 92
45 62
46 71
51 81
52 60
54 58
54 89
54 95
56 71
57 64
57 97
60 90
60 91
61 67
61 75
61 81
62 98
63 92
64 93
66 71
69 74
69 95
69 99
77 85
77 88
78 94
81 84
81 86
83 92
86 94
56 99
0 27
0 35
0 70
0 87
1 44
1 71
1 94
2 22
2 30
2 54
2 64
3 82
4 10
4 13
4 74
5 36
6 10
7 50
8 32
9 45
9 75
10 25
10 59
10 60
10 63
10 65
10 71
10 92
11 21
12 31
12 60
12 86
13 93
14 45
15 45
16 21
16 62
17 32
17 41
17 77
18 57
19 49
20 37
20 46
21 99
22 60
23 55
23 62
24 37
25 43
25 67
25 82
25 88
26 93
28 62
29 32
29 74
32 42
33 60
34 74
36 98
37 63
38 47
38 52
38 66
39 51
39 71
40 59
40 90
40 95
41 72
41 79
45 49
45 62
47 85
48 60
49 68
49 97
50 62
51 78
51 83
51 91
53 61
56 57
57 93
58 85
58 99
59 80
60 81
61 89
61 99
62 74
69 82
70 74
71 76
73 74
84 98
85 96
90 98
57 99
0 18
0 75
1 62
1 79
2 78
3 62
3 73
4 22
4 34
4 50
4 93
5 21
5 62
6 88
7 75
8 23
9 61
9 72
10 55
11 61
11 67
12 40
13 62
14 51
14 64
14 72
15 58
15 96
16 93
16 96
17 97
19 96
20 96
21 29
21 47
23 27
23 30
23 86
23 91
24 93
25 62
26 41
26 55
26 89
28 60
29 88
31 82
32 42
32 82
33 37
35 76
36 62
37 62
38 67
38 78
39 62
40 94
40 96
41 67
43 63
43 71
43 78
43 92
44 79
45 79
46 65
48 83
48 93
49 79
52 78
53 90
54 76
55 81
56 88
57 62
59 72
60 84
60 97
61 70
62 86
62 96
65 76
66 78
66 96
67 97
67 98
68 76
68 96
69 90
72 95
74 78
75 80
76 80
77 96
78 87
82 85
85 96
90 96
90 99
57 99
0 69
0 73
1 37
1 42
2 14
2 81
3 4
3 55
4 13
4 45
4 59
4 91
5 85
6 27
7 49
7 81
8 51
8 53
8 68
8 92
9 85
10 37
10 71
11 18
11 25
11 62
12 33
12 78
14 41
14 97
15 38
16 79
17 33
18 56
18 73
19 38
20 22
20 49
21 69
22 60
22 89
23 57
23 69
24 85
26 50
26 67
26 74
26 94
27 40
27 51
27 52
28 48
29 42
30 73
31 73
32 58
33 65
33 75
34 78
35 41
36 97
37 82
38 85
39 42
40 78
41 63
41 64
41 72
42 47
42 50
42 70
42 87
42 90
43 58
44 81
44 83
44 84
45 81
46 69
48 49
49 99
54 97
57 98
57 99
58 61
58 70
58 77
58 78
66 85
69 80
69 86
72 79
73 93
76 79
78 81
79 96
82 85
88 91
91 95
56 99
0 46
1 53
2 36
2 43
2 70
3 20
3 57
3 74
4 53
5 23
5 27
5 59
5 90
6 18
6 20
6 65
6 76
7 68
7 94
8 94
9 47
10 72
11 16
11 27
11 94
12 17
12 33
12 65
12 79
13 30
14 26
15 94
16 89
18 88
19 37
21 52
22 36
24 62
25 27
25 30
25 60
25 99
26 50
26 95
27 40
27 63
28 29
28 94
31 34
32 88
33 61
33 75
33 85
34 45
34 55
35 77
36 38
36 39
36 40
36 86
37 73
37 91
37 93
37 97
41 72
42 94
44 77
45 56
45 80
45 92
46 68
46 78
47 53
48 66
49 72
51 94
52 62
52 98
53 68
54 77
58 94
60 81
62 92
63 72
64 66
66 68
67 94
69 94
71 91
72 83
74 94
77 89
80 87
82 87
84 89
86 87
88 96
93 94
94 95
51 99
0 11
0 60
1 87
2 27
3 4
3 17
3 95
4 77
5 48
5 65
5 79
5 88
6 57
6 97
7 24
8 64
8 65
8 73
9 69
9 87
10 25
10 59
11 32
11 97
12 24
13 51
13 87
14 92
15 36
15 45
15 49
15 72
15 95
16 51
18 35
19 51
19 57
20 62
20 86
21 77
22 76
23 51
24 56
24 93
25 66
26 34
27 46
27 67
28 86
29 65
30 57
31 60
33 42
33 50
34 51
34 59
35 97
37 97
38 47
38 57
39 85
40 99
41 46
43 86
44 92
46 68
47 54
47 63
48 93
50 51
51 78
51 83
51 85
51 91
52 75
53 99
54 76
55 62
57 68
57 89
58 80
59 84
59 96
59 99
61 93
62 65
62 98
65 74
65 87
69 72
69 94
70 86
70 92
71 73
75 82
75 90
76 81
77 80
82 87
53 99
0 9
0 40
1 11
1 42
1 63
1 72
2 46
2 56
3 60
4 9
4 43
4 86
5 9
6 40
7 23
8 12
8 22
9 10
9 20
9 27
9 73
11 39
12 80
12 94
13 65
14 22
14 59
14 69
14 83
15 53
16 23
16 60
17 39
18 71
19 81
20 45
21 40
22 72
23 25
23 31
23 41
23 48
23 65
23 67
23 78
23 79
23 90
23 99
24 76
25 57
26 46
26 58
26 96
27 60
28 81
29 39
30 53
30 81
31 54
32 34
33 91
34 61
35 68
35 91
36 76
37 91
38 62
39 55
40 64
41 53
41 58
42 61
44 56
46 52
47 93
49 81
50 60
51 93
56 74
56 75
60 69
60 89
61 76
62 68
63 93
66 79
70 94
71 77
71 98
71 99
78 91
79 95
81 97
82 91
84 87
84 88
84 92
85 94
92 93
59 99
0 33
0 91
1 18
1 42
2 58
3 78
4 19
4 26
4 52
4 58
5 51
6 53
7 86
8 10
9 88
10 36
10 88
11 64
11 78
11 89
12 97
13 18
14 42
15 29
15 49
16 91
17 25
20 75
21 92
22 40
23 71
24 58
25 42
26 75
27 75
28 51
29 48
29 65
29 70
29 84
30 53
30 86
31 92
32 39
34 46
35 39
35 68
35 82
37 96
38 42
39 76
39 78
39 98
40 71
40 81
40 83
40 85
40 94
41 52
42 77
42 95
43 58
44 91
45 51
45 58
46 55
46 96
47 58
49 93
49 94
50 89
53 58
54 71
56 88
57 81
58 62
58 63
58 72
58 83
58 99
59 71
59 79
59 87
59 90
60 96
61 86
66 86
67 86
69 71
71 92
73 75
73 91
74 87
80 97
81 96
85 89
86 97
88 99
89 95
53 99
0 8
0 79
0 96
1 31
2 51
3 71
3 88
3 90
4 7
4 29
4 44
4 77
4 79
5 68
6 39
8 65
9 46
10 37
10 75
11 76
12 30
13 16
13 25
13 94
14 33
15 76
15 79
16 22
17 39
18 29
19 68
20 33
20 76
21 32
22 23
22 38
22 75
22 81
22 95
23 47
23 61
24 39
24 60
26 33
27 79
27 92
28 34
28 63
30 35
30 48
30 62
30 72
30 74
31 76
32 41
32 66
32 80
33 54
34 64
34 76
34 81
36 75
39 72
40 64
42 70
42 79
43 70
44 68
45 76
46 48
46 97
49 77
50 68
51 67
51 87
52 91
53 79
54 73
54 89
55 91
56 57
57 59
57 69
58 71
58 84
59 77
64 83
67 79
68 74
70 91
71 93
76 84
76 85
76 86
78 97
79 80
82 97
82 99
84 98
50 99
0 18
1 13
1 31
1 64
2 36
2 37
2 91
3 9
3 78
3 98
4 61
4 79
4 83
4 97
5 89
6 89
6 96
7 42
8 29
8 58
9 85
10 35
10 83
11 74
11 84
12 45
14 87
15 30
16 20
16 21
17 60
18 45
18 95
19 74
20 45
20 52
22 45
23 45
24 35
24 45
25 60
26 29
27 29
28 55
29 67
29 92
30 48
30 62
31 94
32 46
33 46
34 85
34 99
35 36
35 46
38 50
39 73
39 82
39 90
40 72
41 71
42 54
42 66
42 85
43 76
43 94
44 47
44 65
44 88
45 53
45 71
45 78
45 82
48 84
49 59
49 87
50 83
51 69
53 59
55 57
55 61
56 74
57 89
59 75
59 92
60 81
60 87
63 85
67 74
68 71
69 87
70 87
72 77
72 84
74 86
80 87
87 88
89 93
91 94
55 99
0 46
1 19
1 45
2 73
3 84
4 41
5 27
5 35
5 59
5 79
6 46
7 9
7 20
7 26
7 53
7 55
7 59
7 66
7 78
7 86
8 48
8 50
8 98
8 99
10 77
11 69
12 61
13 53
13 62
14 33
15 31
15 46
15 47
15 88
16 19
16 42
16 74
16 89
17 89
18 57
18 68
18 77
19 96
21 58
22 41
23 63
24 55
25 73
25 80
27 28
28 54
28 91
29 41
30 56
31 94
32 46
33 44
33 84
34 46
36 93
37 40
38 53
39 51
39 56
39 72
39 75
40 49
40 69
41 71
42 77
43 59
43 67
44 62
50 58
52 61
52 71
52 95
53 63
53 82
55 90
56 69
56 78
56 88
57 69
58 79
58 92
59 73
59 83
60 89
62 85
62 97
63 65
64 77
68 93
70 84
71 94
76 98
81 93
87 94
53 99
0 64
0 81
1 18
1 38
2 7
3 4
3 81
5 9
6 56
6 65
6 98
7 24
7 36
7 70
7 82
7 92
7 96
8 18
8 35
9 16
9 51
9 89
10 15
10 20
10 33
10 72
11 90
12 90
13 22
13 38
14 24
15 74
16 21
16 43
17 75
18 29
18 30
18 39
18 87
19 60
20 31
20 52
21 81
22 32
22 42
23 29
23 60
24 79
25 58
26 68
27 39
27 41
27 72
28 48
29 37
29 50
29 53
29 55
29 67
29 71
29 76
29 95
29 96
30 54
34 60
38 66
40 44
40 77
40 86
41 49
41 93
45 61
46 57
46 64
47 74
48 71
50 61
50 83
54 99
56 64
58 63
58 64
58 69
59 76
60 86
62 74
63 94
64 80
68 88
68 91
71 81
71 85
71 97
73 87
74 78
75 91
75 95
76 90
84 87
