59 59
0 1
0 2
0 3
0 4
0 5
0 6
0 7
0 8
0 9
0 10
0 11
0 12
0 13
0 14
0 15
0 16
0 17
0 18
0 19
0 20
0 21
0 22
0 23
0 24
0 25
0 26
0 27
0 28
0 29
0 30
0 31
0 32
0 33
0 34
0 35
0 36
0 37
0 38
0 39
0 40
0 41
0 42
0 43
0 44
0 45
0 46
0 47
0 48
0 49
0 50
0 51
0 52
0 53
0 54
0 55
0 56
0 57
0 58
0 59
78 99
0 98
1 93
2 40
2 41
2 42
2 44
2 48
2 50
2 51
2 56
2 59
2 60
2 62
2 63
2 70
2 71
2 74
2 75
2 77
2 81
2 82
2 83
2 84
2 86
2 91
2 93
2 94
2 96
3 57
3 58
3 64
3 85
3 90
3 93
4 93
5 93
6 52
7 78
8 48
9 45
9 47
9 54
9 65
9 69
9 74
9 80
9 95
9 97
10 78
11 93
12 48
13 48
14 93
15 52
16 93
17 48
18 42
18 43
18 49
18 61
18 66
18 88
19 91
20 78
21 48
22 48
23 52
23 78
24 58
25 48
26 48
27 48
28 64
28 68
28 72
28 89
29 58
30 91
31 52
31 98
32 91
33 93
34 48
35 52
35 91
36 78
37 46
37 53
37 55
37 76
37 79
37 87
37 92
37 94
38 98
39 55
39 67
39 73
39 99
76 99
0 11
1 3
2 67
3 16
3 32
3 80
3 82
3 86
4 30
5 90
6 46
7 23
7 80
8 23
9 13
9 57
10 59
11 80
11 98
12 13
12 28
12 74
13 40
13 62
13 67
13 77
13 80
13 84
14 99
15 90
17 18
18 24
18 39
18 45
18 60
18 67
18 83
19 46
20 80
21 87
22 30
23 54
23 58
23 63
24 50
24 93
25 26
26 37
26 38
26 49
26 86
26 92
27 99
29 80
30 31
30 43
30 46
30 56
30 71
30 78
30 91
30 97
33 80
34 66
34 80
35 87
36 80
39 95
41 57
42 87
44 80
46 47
46 51
46 69
46 70
46 80
46 96
48 99
52 67
53 80
55 99
57 75
59 80
59 88
61 67
64 80
65 80
67 72
68 87
69 99
70 87
73 80
76 80
79 99
80 85
80 89
80 90
80 94
81 99
54 99
0 93
1 44
1 55
2 80
3 8
3 31
3 49
3 82
4 9
5 56
6 44
7 17
9 15
9 69
10 18
10 35
10 41
10 42
11 91
12 74
12 93
13 20
13 23
13 75
13 92
14 33
14 39
14 53
14 72
14 86
15 90
16 74
17 60
17 73
19 71
21 37
21 81
21 96
22 50
22 74
24 60
25 93
26 29
26 66
26 95
27 40
27 70
28 53
30 62
30 83
30 91
30 92
32 60
33 94
34 44
34 71
35 89
36 80
38 81
39 43
43 58
43 60
43 63
43 66
43 97
43 98
45 49
45 71
46 65
47 55
48 56
49 67
49 70
49 88
51 90
52 59
52 65
52 98
53 78
54 67
55 61
56 57
56 60
60 84
60 89
60 93
60 99
63 68
63 85
64 80
64 89
65 79
71 77
71 97
74 87
76 90
76 93
81 88
91 93
48 99
0 90
0 91
1 31
1 63
1 99
2 20
3 21
3 25
3 34
3 35
3 50
3 92
4 24
4 33
4 52
4 56
4 81
5 17
5 29
6 7
6 89
7 37
8 23
9 81
10 78
11 67
12 15
13 20
13 23
13 80
13 91
14 38
14 65
15 92
16 31
16 51
17 46
17 52
18 92
19 51
20 26
20 64
21 86
22 73
22 86
24 36
24 87
27 56
27 58
28 48
30 44
30 69
30 93
32 35
34 52
34 75
35 66
39 49
40 57
40 77
40 80
40 89
41 46
42 71
42 81
42 82
43 99
45 67
46 59
47 61
48 72
49 61
49 68
49 95
50 80
53 79
54 72
55 61
56 84
58 96
60 65
62 89
63 72
65 66
66 85
66 97
67 76
69 81
70 95
74 99
76 78
76 85
79 88
79 91
80 98
81 83
81 99
87 95
92 94
49 99
0 7
0 11
1 21
1 30
1 31
1 35
1 47
1 62
1 69
1 70
1 99
2 29
2 38
2 69
3 75
3 82
4 50
4 69
5 22
6 57
8 43
8 83
9 55
9 66
9 79
10 72
11 40
12 27
12 83
13 43
14 30
15 57
16 26
16 39
16 75
16 90
17 53
17 74
17 89
18 79
19 21
20 36
21 98
22 48
22 49
22 63
23 41
23 72
24 84
25 69
27 34
27 64
27 69
27 77
27 81
28 59
28 94
30 33
30 90
31 94
32 40
32 51
34 52
35 72
36 48
36 87
37 44
37 51
40 54
40 55
41 85
42 43
42 80
44 67
44 92
45 74
46 53
51 91
52 60
52 73
52 76
54 58
56 71
56 76
56 93
57 68
57 97
61 67
63 74
65 74
67 97
69 74
69 95
78 94
83 92
83 96
84 88
84 91
86 94
54 99
0 87
1 51
2 15
2 22
2 30
3 82
4 10
4 13
5 36
6 10
7 50
8 18
8 26
8 32
8 66
8 97
9 38
9 75
9 83
9 94
10 25
10 59
10 60
10 63
10 65
10 71
10 92
11 21
11 42
11 58
12 31
12 80
12 86
14 81
16 65
17 32
17 41
17 77
19 49
20 34
20 37
20 44
20 46
20 99
23 42
23 55
23 62
24 61
27 96
28 96
29 57
29 74
30 43
30 50
30 64
30 72
30 80
33 52
34 49
35 65
36 87
39 51
39 90
40 59
40 90
40 95
42 79
45 49
45 76
47 57
48 52
49 54
49 68
49 90
51 78
51 91
52 88
53 61
54 96
55 65
56 57
57 93
59 80
61 67
62 74
63 81
66 84
67 91
68 87
69 82
70 74
73 74
75 95
81 88
82 90
85 96
89 91
90 98
95 97
